2014-12-20 07:47:39 Error: [BlackholeException] The form session has timed out, please try again.
Request URL: /cakephp/pittsburgh_black_business_directory/admin/users/edit/26
Stack Trace:
#0 [internal function]: AppController->_blackhole('auth')
#1 D:\wamp\www\cakephp\pittsburgh_black_business_directory\lib\Cake\Controller\Component\SecurityComponent.php(615): call_user_func_array(Array, Array)
#2 D:\wamp\www\cakephp\pittsburgh_black_business_directory\lib\Cake\Controller\Component\SecurityComponent.php(337): SecurityComponent->_callback(Object(UsersController), '_blackhole', Array)
#3 D:\wamp\www\cakephp\pittsburgh_black_business_directory\lib\Cake\Controller\Component\SecurityComponent.php(239): SecurityComponent->blackHole(Object(UsersController), 'auth')
#4 [internal function]: SecurityComponent->startup(Object(UsersController))
#5 D:\wamp\www\cakephp\pittsburgh_black_business_directory\lib\Cake\Utility\ObjectCollection.php(132): call_user_func_array(Array, Array)
#6 [internal function]: ObjectCollection->trigger(Object(CakeEvent))
#7 D:\wamp\www\cakephp\pittsburgh_black_business_directory\lib\Cake\Event\CakeEventManager.php(247): call_user_func(Array, Object(CakeEvent))
#8 D:\wamp\www\cakephp\pittsburgh_black_business_directory\lib\Cake\Controller\Controller.php(675): CakeEventManager->dispatch(Object(CakeEvent))
#9 D:\wamp\www\cakephp\pittsburgh_black_business_directory\lib\Cake\Routing\Dispatcher.php(182): Controller->startupProcess()
#10 D:\wamp\www\cakephp\pittsburgh_black_business_directory\lib\Cake\Routing\Dispatcher.php(160): Dispatcher->_invoke(Object(UsersController), Object(CakeRequest), Object(CakeResponse))
#11 D:\wamp\www\cakephp\pittsburgh_black_business_directory\app\webroot\index.php(108): Dispatcher->dispatch(Object(CakeRequest), Object(CakeResponse))
#12 {main}
2014-12-20 07:48:27 Error: [BlackholeException] The form session has timed out, please try again.
Request URL: /cakephp/pittsburgh_black_business_directory/admin/users/edit/26
Stack Trace:
#0 [internal function]: AppController->_blackhole('auth')
#1 D:\wamp\www\cakephp\pittsburgh_black_business_directory\lib\Cake\Controller\Component\SecurityComponent.php(615): call_user_func_array(Array, Array)
#2 D:\wamp\www\cakephp\pittsburgh_black_business_directory\lib\Cake\Controller\Component\SecurityComponent.php(337): SecurityComponent->_callback(Object(UsersController), '_blackhole', Array)
#3 D:\wamp\www\cakephp\pittsburgh_black_business_directory\lib\Cake\Controller\Component\SecurityComponent.php(239): SecurityComponent->blackHole(Object(UsersController), 'auth')
#4 [internal function]: SecurityComponent->startup(Object(UsersController))
#5 D:\wamp\www\cakephp\pittsburgh_black_business_directory\lib\Cake\Utility\ObjectCollection.php(132): call_user_func_array(Array, Array)
#6 [internal function]: ObjectCollection->trigger(Object(CakeEvent))
#7 D:\wamp\www\cakephp\pittsburgh_black_business_directory\lib\Cake\Event\CakeEventManager.php(247): call_user_func(Array, Object(CakeEvent))
#8 D:\wamp\www\cakephp\pittsburgh_black_business_directory\lib\Cake\Controller\Controller.php(675): CakeEventManager->dispatch(Object(CakeEvent))
#9 D:\wamp\www\cakephp\pittsburgh_black_business_directory\lib\Cake\Routing\Dispatcher.php(182): Controller->startupProcess()
#10 D:\wamp\www\cakephp\pittsburgh_black_business_directory\lib\Cake\Routing\Dispatcher.php(160): Dispatcher->_invoke(Object(UsersController), Object(CakeRequest), Object(CakeResponse))
#11 D:\wamp\www\cakephp\pittsburgh_black_business_directory\app\webroot\index.php(108): Dispatcher->dispatch(Object(CakeRequest), Object(CakeResponse))
#12 {main}
2014-12-20 07:48:37 Error: [BlackholeException] The form session has timed out, please try again.
Request URL: /cakephp/pittsburgh_black_business_directory/admin/users/edit/26
Stack Trace:
#0 [internal function]: AppController->_blackhole('auth')
#1 D:\wamp\www\cakephp\pittsburgh_black_business_directory\lib\Cake\Controller\Component\SecurityComponent.php(615): call_user_func_array(Array, Array)
#2 D:\wamp\www\cakephp\pittsburgh_black_business_directory\lib\Cake\Controller\Component\SecurityComponent.php(337): SecurityComponent->_callback(Object(UsersController), '_blackhole', Array)
#3 D:\wamp\www\cakephp\pittsburgh_black_business_directory\lib\Cake\Controller\Component\SecurityComponent.php(239): SecurityComponent->blackHole(Object(UsersController), 'auth')
#4 [internal function]: SecurityComponent->startup(Object(UsersController))
#5 D:\wamp\www\cakephp\pittsburgh_black_business_directory\lib\Cake\Utility\ObjectCollection.php(132): call_user_func_array(Array, Array)
#6 [internal function]: ObjectCollection->trigger(Object(CakeEvent))
#7 D:\wamp\www\cakephp\pittsburgh_black_business_directory\lib\Cake\Event\CakeEventManager.php(247): call_user_func(Array, Object(CakeEvent))
#8 D:\wamp\www\cakephp\pittsburgh_black_business_directory\lib\Cake\Controller\Controller.php(675): CakeEventManager->dispatch(Object(CakeEvent))
#9 D:\wamp\www\cakephp\pittsburgh_black_business_directory\lib\Cake\Routing\Dispatcher.php(182): Controller->startupProcess()
#10 D:\wamp\www\cakephp\pittsburgh_black_business_directory\lib\Cake\Routing\Dispatcher.php(160): Dispatcher->_invoke(Object(UsersController), Object(CakeRequest), Object(CakeResponse))
#11 D:\wamp\www\cakephp\pittsburgh_black_business_directory\app\webroot\index.php(108): Dispatcher->dispatch(Object(CakeRequest), Object(CakeResponse))
#12 {main}
2014-12-20 07:50:34 Error: [MissingViewException] View file "D:\wamp\www\cakephp\pittsburgh_black_business_directory\app\View\Users\home.ctp" is missing.
Exception Attributes: array (
  'file' => 'D:\\wamp\\www\\cakephp\\pittsburgh_black_business_directory\\app\\View\\Users\\home.ctp',
)
Request URL: /cakephp/pittsburgh_black_business_directory/
Stack Trace:
#0 D:\wamp\www\cakephp\pittsburgh_black_business_directory\lib\Cake\View\View.php(463): View->_getViewFileName('home')
#1 D:\wamp\www\cakephp\pittsburgh_black_business_directory\lib\Cake\Controller\Controller.php(952): View->render('home', NULL)
#2 D:\wamp\www\cakephp\pittsburgh_black_business_directory\app\Controller\UsersController.php(318): Controller->render('home')
#3 [internal function]: UsersController->register('home')
#4 D:\wamp\www\cakephp\pittsburgh_black_business_directory\lib\Cake\Controller\Controller.php(490): ReflectionMethod->invokeArgs(Object(UsersController), Array)
#5 D:\wamp\www\cakephp\pittsburgh_black_business_directory\lib\Cake\Routing\Dispatcher.php(185): Controller->invokeAction(Object(CakeRequest))
#6 D:\wamp\www\cakephp\pittsburgh_black_business_directory\lib\Cake\Routing\Dispatcher.php(160): Dispatcher->_invoke(Object(UsersController), Object(CakeRequest), Object(CakeResponse))
#7 D:\wamp\www\cakephp\pittsburgh_black_business_directory\app\webroot\index.php(108): Dispatcher->dispatch(Object(CakeRequest), Object(CakeResponse))
#8 {main}
2014-12-20 08:19:18 Error: [PDOException] SQLSTATE[42000]: Syntax error or access violation: 1064 You have an error in your SQL syntax; check the manual that corresponds to your MySQL server version for the right syntax to use near 'list' at line 1
Request URL: /cakephp/pittsburgh_black_business_directory/admin/users/edit/26
Stack Trace:
#0 D:\wamp\www\cakephp\pittsburgh_black_business_directory\lib\Cake\Model\Datasource\DboSource.php(458): PDOStatement->execute(Array)
#1 D:\wamp\www\cakephp\pittsburgh_black_business_directory\lib\Cake\Model\Datasource\DboSource.php(424): DboSource->_execute('list', Array)
#2 D:\wamp\www\cakephp\pittsburgh_black_business_directory\lib\Cake\Model\Datasource\DboSource.php(665): DboSource->execute('list', Array, Array)
#3 D:\wamp\www\cakephp\pittsburgh_black_business_directory\lib\Cake\Model\Datasource\DboSource.php(609): DboSource->fetchAll('list', Array, Array)
#4 D:\wamp\www\cakephp\pittsburgh_black_business_directory\lib\Cake\Model\Model.php(800): DboSource->query('list', Array, Object(Business))
#5 D:\wamp\www\cakephp\pittsburgh_black_business_directory\app\Controller\UsersController.php(147): Model->__call('list', Array)
#6 D:\wamp\www\cakephp\pittsburgh_black_business_directory\app\Controller\UsersController.php(147): Business->list()
#7 [internal function]: UsersController->admin_edit('26')
#8 D:\wamp\www\cakephp\pittsburgh_black_business_directory\lib\Cake\Controller\Controller.php(490): ReflectionMethod->invokeArgs(Object(UsersController), Array)
#9 D:\wamp\www\cakephp\pittsburgh_black_business_directory\lib\Cake\Routing\Dispatcher.php(185): Controller->invokeAction(Object(CakeRequest))
#10 D:\wamp\www\cakephp\pittsburgh_black_business_directory\lib\Cake\Routing\Dispatcher.php(160): Dispatcher->_invoke(Object(UsersController), Object(CakeRequest), Object(CakeResponse))
#11 D:\wamp\www\cakephp\pittsburgh_black_business_directory\app\webroot\index.php(108): Dispatcher->dispatch(Object(CakeRequest), Object(CakeResponse))
#12 {main}
2014-12-20 08:21:25 Error: Fatal Error (4): syntax error, unexpected ';' in [D:\wamp\www\cakephp\pittsburgh_black_business_directory\app\Controller\UsersController.php, line 149]
2014-12-20 08:21:25 Error: [FatalErrorException] syntax error, unexpected ';'
Request URL: /cakephp/pittsburgh_black_business_directory/admin/users/edit/26
Stack Trace:
#0 D:\wamp\www\cakephp\pittsburgh_black_business_directory\lib\Cake\Error\ErrorHandler.php(203): ErrorHandler::handleFatalError(4, 'syntax error, u...', 'D:\wamp\www\cak...', 149)
#1 [internal function]: ErrorHandler::handleError(4, 'syntax error, u...', 'D:\wamp\www\cak...', 149, Array)
#2 D:\wamp\www\cakephp\pittsburgh_black_business_directory\lib\Cake\Core\App.php(929): call_user_func('ErrorHandler::h...', 4, 'syntax error, u...', 'D:\wamp\www\cak...', 149, Array)
#3 D:\wamp\www\cakephp\pittsburgh_black_business_directory\lib\Cake\Core\App.php(902): App::_checkFatalError()
#4 [internal function]: App::shutdown()
#5 {main}
2014-12-20 08:23:00 Error: [PDOException] SQLSTATE[42000]: Syntax error or access violation: 1064 You have an error in your SQL syntax; check the manual that corresponds to your MySQL server version for the right syntax to use near ' `Business`.`name`   ORDER BY `Business`.`name` asc' at line 1
Request URL: /cakephp/pittsburgh_black_business_directory/admin/users/edit/26
Stack Trace:
#0 D:\wamp\www\cakephp\pittsburgh_black_business_directory\lib\Cake\Model\Datasource\DboSource.php(458): PDOStatement->execute(Array)
#1 D:\wamp\www\cakephp\pittsburgh_black_business_directory\lib\Cake\Model\Datasource\DboSource.php(424): DboSource->_execute('SELECT `Busines...', Array)
#2 D:\wamp\www\cakephp\pittsburgh_black_business_directory\lib\Cake\Model\Datasource\DboSource.php(665): DboSource->execute('SELECT `Busines...', Array, Array)
#3 D:\wamp\www\cakephp\pittsburgh_black_business_directory\lib\Cake\Model\Datasource\DboSource.php(1077): DboSource->fetchAll('SELECT `Busines...', false)
#4 D:\wamp\www\cakephp\pittsburgh_black_business_directory\lib\Cake\Model\Model.php(2902): DboSource->read(Object(Business), Array)
#5 D:\wamp\www\cakephp\pittsburgh_black_business_directory\lib\Cake\Model\Model.php(2874): Model->_readDataSource('list', Array)
#6 D:\wamp\www\cakephp\pittsburgh_black_business_directory\app\Controller\UsersController.php(150): Model->find('list', Array)
#7 [internal function]: UsersController->admin_edit('26')
#8 D:\wamp\www\cakephp\pittsburgh_black_business_directory\lib\Cake\Controller\Controller.php(490): ReflectionMethod->invokeArgs(Object(UsersController), Array)
#9 D:\wamp\www\cakephp\pittsburgh_black_business_directory\lib\Cake\Routing\Dispatcher.php(185): Controller->invokeAction(Object(CakeRequest))
#10 D:\wamp\www\cakephp\pittsburgh_black_business_directory\lib\Cake\Routing\Dispatcher.php(160): Dispatcher->_invoke(Object(UsersController), Object(CakeRequest), Object(CakeResponse))
#11 D:\wamp\www\cakephp\pittsburgh_black_business_directory\app\webroot\index.php(108): Dispatcher->dispatch(Object(CakeRequest), Object(CakeResponse))
#12 {main}
2014-12-20 08:31:58 Error: [MissingViewException] View file "D:\wamp\www\cakephp\pittsburgh_black_business_directory\app\View\Users\home.ctp" is missing.
Exception Attributes: array (
  'file' => 'D:\\wamp\\www\\cakephp\\pittsburgh_black_business_directory\\app\\View\\Users\\home.ctp',
)
Request URL: /cakephp/pittsburgh_black_business_directory/
Stack Trace:
#0 D:\wamp\www\cakephp\pittsburgh_black_business_directory\lib\Cake\View\View.php(463): View->_getViewFileName('home')
#1 D:\wamp\www\cakephp\pittsburgh_black_business_directory\lib\Cake\Controller\Controller.php(952): View->render('home', NULL)
#2 D:\wamp\www\cakephp\pittsburgh_black_business_directory\app\Controller\UsersController.php(322): Controller->render('home')
#3 [internal function]: UsersController->register('home')
#4 D:\wamp\www\cakephp\pittsburgh_black_business_directory\lib\Cake\Controller\Controller.php(490): ReflectionMethod->invokeArgs(Object(UsersController), Array)
#5 D:\wamp\www\cakephp\pittsburgh_black_business_directory\lib\Cake\Routing\Dispatcher.php(185): Controller->invokeAction(Object(CakeRequest))
#6 D:\wamp\www\cakephp\pittsburgh_black_business_directory\lib\Cake\Routing\Dispatcher.php(160): Dispatcher->_invoke(Object(UsersController), Object(CakeRequest), Object(CakeResponse))
#7 D:\wamp\www\cakephp\pittsburgh_black_business_directory\app\webroot\index.php(108): Dispatcher->dispatch(Object(CakeRequest), Object(CakeResponse))
#8 {main}
2014-12-20 09:05:00 Error: [MissingViewException] View file "D:\wamp\www\cakephp\pittsburgh_black_business_directory\app\View\Users\claim.ctp" is missing.
Exception Attributes: array (
  'file' => 'D:\\wamp\\www\\cakephp\\pittsburgh_black_business_directory\\app\\View\\Users\\claim.ctp',
)
Request URL: /cakephp/pittsburgh_black_business_directory/users/claim/433
Stack Trace:
#0 D:\wamp\www\cakephp\pittsburgh_black_business_directory\lib\Cake\View\View.php(463): View->_getViewFileName(NULL)
#1 D:\wamp\www\cakephp\pittsburgh_black_business_directory\lib\Cake\Controller\Controller.php(952): View->render(NULL, NULL)
#2 D:\wamp\www\cakephp\pittsburgh_black_business_directory\lib\Cake\Routing\Dispatcher.php(192): Controller->render()
#3 D:\wamp\www\cakephp\pittsburgh_black_business_directory\lib\Cake\Routing\Dispatcher.php(160): Dispatcher->_invoke(Object(UsersController), Object(CakeRequest), Object(CakeResponse))
#4 D:\wamp\www\cakephp\pittsburgh_black_business_directory\app\webroot\index.php(108): Dispatcher->dispatch(Object(CakeRequest), Object(CakeResponse))
#5 {main}
2014-12-20 09:14:26 Error: Fatal Error (1): Unsupported operand types in [D:\wamp\www\cakephp\pittsburgh_black_business_directory\lib\Cake\View\Helper\FormHelper.php, line 1633]
2014-12-20 09:14:26 Error: [FatalErrorException] Unsupported operand types
Request URL: /cakephp/pittsburgh_black_business_directory/users/claim/433
Stack Trace:
#0 D:\wamp\www\cakephp\pittsburgh_black_business_directory\lib\Cake\Error\ErrorHandler.php(203): ErrorHandler::handleFatalError(1, 'Unsupported ope...', 'D:\wamp\www\cak...', 1633)
#1 [internal function]: ErrorHandler::handleError(1, 'Unsupported ope...', 'D:\wamp\www\cak...', 1633, Array)
#2 D:\wamp\www\cakephp\pittsburgh_black_business_directory\lib\Cake\Core\App.php(929): call_user_func('ErrorHandler::h...', 1, 'Unsupported ope...', 'D:\wamp\www\cak...', 1633, Array)
#3 D:\wamp\www\cakephp\pittsburgh_black_business_directory\lib\Cake\Core\App.php(902): App::_checkFatalError()
#4 [internal function]: App::shutdown()
#5 {main}
2014-12-20 09:17:54 Error: Fatal Error (4): syntax error, unexpected '->' (T_OBJECT_OPERATOR), expecting ',' or ';' in [D:\wamp\www\cakephp\pittsburgh_black_business_directory\app\View\Users\claim.ctp, line 2]
2014-12-20 09:17:54 Error: [FatalErrorException] syntax error, unexpected '->' (T_OBJECT_OPERATOR), expecting ',' or ';'
Request URL: /cakephp/pittsburgh_black_business_directory/users/claim/433
Stack Trace:
#0 D:\wamp\www\cakephp\pittsburgh_black_business_directory\lib\Cake\Error\ErrorHandler.php(203): ErrorHandler::handleFatalError(4, 'syntax error, u...', 'D:\wamp\www\cak...', 2)
#1 [internal function]: ErrorHandler::handleError(4, 'syntax error, u...', 'D:\wamp\www\cak...', 2, Array)
#2 D:\wamp\www\cakephp\pittsburgh_black_business_directory\lib\Cake\Core\App.php(929): call_user_func('ErrorHandler::h...', 4, 'syntax error, u...', 'D:\wamp\www\cak...', 2, Array)
#3 D:\wamp\www\cakephp\pittsburgh_black_business_directory\lib\Cake\Core\App.php(902): App::_checkFatalError()
#4 [internal function]: App::shutdown()
#5 {main}
2014-12-20 09:19:22 Error: Fatal Error (1): Unsupported operand types in [D:\wamp\www\cakephp\pittsburgh_black_business_directory\lib\Cake\View\Helper\FormHelper.php, line 1633]
2014-12-20 09:19:22 Error: [FatalErrorException] Unsupported operand types
Request URL: /cakephp/pittsburgh_black_business_directory/users/claim/433
Stack Trace:
#0 D:\wamp\www\cakephp\pittsburgh_black_business_directory\lib\Cake\Error\ErrorHandler.php(203): ErrorHandler::handleFatalError(1, 'Unsupported ope...', 'D:\wamp\www\cak...', 1633)
#1 [internal function]: ErrorHandler::handleError(1, 'Unsupported ope...', 'D:\wamp\www\cak...', 1633, Array)
#2 D:\wamp\www\cakephp\pittsburgh_black_business_directory\lib\Cake\Core\App.php(929): call_user_func('ErrorHandler::h...', 1, 'Unsupported ope...', 'D:\wamp\www\cak...', 1633, Array)
#3 D:\wamp\www\cakephp\pittsburgh_black_business_directory\lib\Cake\Core\App.php(902): App::_checkFatalError()
#4 [internal function]: App::shutdown()
#5 {main}
2014-12-20 09:19:46 Error: Fatal Error (1): Unsupported operand types in [D:\wamp\www\cakephp\pittsburgh_black_business_directory\lib\Cake\View\Helper\FormHelper.php, line 1633]
2014-12-20 09:19:46 Error: [FatalErrorException] Unsupported operand types
Request URL: /cakephp/pittsburgh_black_business_directory/users/claim/433
Stack Trace:
#0 D:\wamp\www\cakephp\pittsburgh_black_business_directory\lib\Cake\Error\ErrorHandler.php(203): ErrorHandler::handleFatalError(1, 'Unsupported ope...', 'D:\wamp\www\cak...', 1633)
#1 [internal function]: ErrorHandler::handleError(1, 'Unsupported ope...', 'D:\wamp\www\cak...', 1633, Array)
#2 D:\wamp\www\cakephp\pittsburgh_black_business_directory\lib\Cake\Core\App.php(929): call_user_func('ErrorHandler::h...', 1, 'Unsupported ope...', 'D:\wamp\www\cak...', 1633, Array)
#3 D:\wamp\www\cakephp\pittsburgh_black_business_directory\lib\Cake\Core\App.php(902): App::_checkFatalError()
#4 [internal function]: App::shutdown()
#5 {main}
2014-12-20 09:19:49 Error: Fatal Error (1): Unsupported operand types in [D:\wamp\www\cakephp\pittsburgh_black_business_directory\lib\Cake\View\Helper\FormHelper.php, line 1633]
2014-12-20 09:19:49 Error: [FatalErrorException] Unsupported operand types
Request URL: /cakephp/pittsburgh_black_business_directory/users/claim/433
Stack Trace:
#0 D:\wamp\www\cakephp\pittsburgh_black_business_directory\lib\Cake\Error\ErrorHandler.php(203): ErrorHandler::handleFatalError(1, 'Unsupported ope...', 'D:\wamp\www\cak...', 1633)
#1 [internal function]: ErrorHandler::handleError(1, 'Unsupported ope...', 'D:\wamp\www\cak...', 1633, Array)
#2 D:\wamp\www\cakephp\pittsburgh_black_business_directory\lib\Cake\Core\App.php(929): call_user_func('ErrorHandler::h...', 1, 'Unsupported ope...', 'D:\wamp\www\cak...', 1633, Array)
#3 D:\wamp\www\cakephp\pittsburgh_black_business_directory\lib\Cake\Core\App.php(902): App::_checkFatalError()
#4 [internal function]: App::shutdown()
#5 {main}
2014-12-20 09:19:49 Error: Fatal Error (1): Unsupported operand types in [D:\wamp\www\cakephp\pittsburgh_black_business_directory\lib\Cake\View\Helper\FormHelper.php, line 1633]
2014-12-20 09:19:49 Error: [FatalErrorException] Unsupported operand types
Request URL: /cakephp/pittsburgh_black_business_directory/users/claim/433
Stack Trace:
#0 D:\wamp\www\cakephp\pittsburgh_black_business_directory\lib\Cake\Error\ErrorHandler.php(203): ErrorHandler::handleFatalError(1, 'Unsupported ope...', 'D:\wamp\www\cak...', 1633)
#1 [internal function]: ErrorHandler::handleError(1, 'Unsupported ope...', 'D:\wamp\www\cak...', 1633, Array)
#2 D:\wamp\www\cakephp\pittsburgh_black_business_directory\lib\Cake\Core\App.php(929): call_user_func('ErrorHandler::h...', 1, 'Unsupported ope...', 'D:\wamp\www\cak...', 1633, Array)
#3 D:\wamp\www\cakephp\pittsburgh_black_business_directory\lib\Cake\Core\App.php(902): App::_checkFatalError()
#4 [internal function]: App::shutdown()
#5 {main}
2014-12-20 09:20:25 Error: Fatal Error (1): Unsupported operand types in [D:\wamp\www\cakephp\pittsburgh_black_business_directory\lib\Cake\View\Helper\FormHelper.php, line 1633]
2014-12-20 09:20:25 Error: [FatalErrorException] Unsupported operand types
Request URL: /cakephp/pittsburgh_black_business_directory/users/claim/433
Stack Trace:
#0 D:\wamp\www\cakephp\pittsburgh_black_business_directory\lib\Cake\Error\ErrorHandler.php(203): ErrorHandler::handleFatalError(1, 'Unsupported ope...', 'D:\wamp\www\cak...', 1633)
#1 [internal function]: ErrorHandler::handleError(1, 'Unsupported ope...', 'D:\wamp\www\cak...', 1633, Array)
#2 D:\wamp\www\cakephp\pittsburgh_black_business_directory\lib\Cake\Core\App.php(929): call_user_func('ErrorHandler::h...', 1, 'Unsupported ope...', 'D:\wamp\www\cak...', 1633, Array)
#3 D:\wamp\www\cakephp\pittsburgh_black_business_directory\lib\Cake\Core\App.php(902): App::_checkFatalError()
#4 [internal function]: App::shutdown()
#5 {main}
2014-12-20 09:21:01 Error: Fatal Error (1): Unsupported operand types in [D:\wamp\www\cakephp\pittsburgh_black_business_directory\lib\Cake\View\Helper\FormHelper.php, line 1633]
2014-12-20 09:21:01 Error: [FatalErrorException] Unsupported operand types
Request URL: /cakephp/pittsburgh_black_business_directory/users/claim/433
Stack Trace:
#0 D:\wamp\www\cakephp\pittsburgh_black_business_directory\lib\Cake\Error\ErrorHandler.php(203): ErrorHandler::handleFatalError(1, 'Unsupported ope...', 'D:\wamp\www\cak...', 1633)
#1 [internal function]: ErrorHandler::handleError(1, 'Unsupported ope...', 'D:\wamp\www\cak...', 1633, Array)
#2 D:\wamp\www\cakephp\pittsburgh_black_business_directory\lib\Cake\Core\App.php(929): call_user_func('ErrorHandler::h...', 1, 'Unsupported ope...', 'D:\wamp\www\cak...', 1633, Array)
#3 D:\wamp\www\cakephp\pittsburgh_black_business_directory\lib\Cake\Core\App.php(902): App::_checkFatalError()
#4 [internal function]: App::shutdown()
#5 {main}
2014-12-20 09:21:06 Error: [MissingHelperException] Helper class paramHelper could not be found.
Exception Attributes: array (
  'class' => 'paramHelper',
  'plugin' => false,
)
Request URL: /cakephp/pittsburgh_black_business_directory/users/claim/433
Stack Trace:
#0 D:\wamp\www\cakephp\pittsburgh_black_business_directory\lib\Cake\View\HelperCollection.php(63): HelperCollection->load('param')
#1 D:\wamp\www\cakephp\pittsburgh_black_business_directory\lib\Cake\View\View.php(824): HelperCollection->__isset('param')
#2 D:\wamp\www\cakephp\pittsburgh_black_business_directory\app\View\Users\claim.ctp(2): View->__get('param')
#3 D:\wamp\www\cakephp\pittsburgh_black_business_directory\lib\Cake\View\View.php(935): include('D:\wamp\www\cak...')
#4 D:\wamp\www\cakephp\pittsburgh_black_business_directory\lib\Cake\View\View.php(897): View->_evaluate('D:\wamp\www\cak...', Array)
#5 D:\wamp\www\cakephp\pittsburgh_black_business_directory\lib\Cake\View\View.php(466): View->_render('D:\wamp\www\cak...')
#6 D:\wamp\www\cakephp\pittsburgh_black_business_directory\lib\Cake\Controller\Controller.php(952): View->render(NULL, NULL)
#7 D:\wamp\www\cakephp\pittsburgh_black_business_directory\lib\Cake\Routing\Dispatcher.php(192): Controller->render()
#8 D:\wamp\www\cakephp\pittsburgh_black_business_directory\lib\Cake\Routing\Dispatcher.php(160): Dispatcher->_invoke(Object(UsersController), Object(CakeRequest), Object(CakeResponse))
#9 D:\wamp\www\cakephp\pittsburgh_black_business_directory\app\webroot\index.php(108): Dispatcher->dispatch(Object(CakeRequest), Object(CakeResponse))
#10 {main}
2014-12-20 09:21:14 Error: Fatal Error (1): Unsupported operand types in [D:\wamp\www\cakephp\pittsburgh_black_business_directory\lib\Cake\View\Helper\FormHelper.php, line 1633]
2014-12-20 09:21:14 Error: [FatalErrorException] Unsupported operand types
Request URL: /cakephp/pittsburgh_black_business_directory/users/claim/433
Stack Trace:
#0 D:\wamp\www\cakephp\pittsburgh_black_business_directory\lib\Cake\Error\ErrorHandler.php(203): ErrorHandler::handleFatalError(1, 'Unsupported ope...', 'D:\wamp\www\cak...', 1633)
#1 [internal function]: ErrorHandler::handleError(1, 'Unsupported ope...', 'D:\wamp\www\cak...', 1633, Array)
#2 D:\wamp\www\cakephp\pittsburgh_black_business_directory\lib\Cake\Core\App.php(929): call_user_func('ErrorHandler::h...', 1, 'Unsupported ope...', 'D:\wamp\www\cak...', 1633, Array)
#3 D:\wamp\www\cakephp\pittsburgh_black_business_directory\lib\Cake\Core\App.php(902): App::_checkFatalError()
#4 [internal function]: App::shutdown()
#5 {main}
2014-12-20 09:21:52 Error: Fatal Error (1): Unsupported operand types in [D:\wamp\www\cakephp\pittsburgh_black_business_directory\lib\Cake\View\Helper\FormHelper.php, line 1633]
2014-12-20 09:21:52 Error: [FatalErrorException] Unsupported operand types
Request URL: /cakephp/pittsburgh_black_business_directory/users/claim/433
Stack Trace:
#0 D:\wamp\www\cakephp\pittsburgh_black_business_directory\lib\Cake\Error\ErrorHandler.php(203): ErrorHandler::handleFatalError(1, 'Unsupported ope...', 'D:\wamp\www\cak...', 1633)
#1 [internal function]: ErrorHandler::handleError(1, 'Unsupported ope...', 'D:\wamp\www\cak...', 1633, Array)
#2 D:\wamp\www\cakephp\pittsburgh_black_business_directory\lib\Cake\Core\App.php(929): call_user_func('ErrorHandler::h...', 1, 'Unsupported ope...', 'D:\wamp\www\cak...', 1633, Array)
#3 D:\wamp\www\cakephp\pittsburgh_black_business_directory\lib\Cake\Core\App.php(902): App::_checkFatalError()
#4 [internal function]: App::shutdown()
#5 {main}
2014-12-20 09:22:04 Error: Fatal Error (1): Unsupported operand types in [D:\wamp\www\cakephp\pittsburgh_black_business_directory\lib\Cake\View\Helper\FormHelper.php, line 1633]
2014-12-20 09:22:04 Error: [FatalErrorException] Unsupported operand types
Request URL: /cakephp/pittsburgh_black_business_directory/users/claim/433
Stack Trace:
#0 D:\wamp\www\cakephp\pittsburgh_black_business_directory\lib\Cake\Error\ErrorHandler.php(203): ErrorHandler::handleFatalError(1, 'Unsupported ope...', 'D:\wamp\www\cak...', 1633)
#1 [internal function]: ErrorHandler::handleError(1, 'Unsupported ope...', 'D:\wamp\www\cak...', 1633, Array)
#2 D:\wamp\www\cakephp\pittsburgh_black_business_directory\lib\Cake\Core\App.php(929): call_user_func('ErrorHandler::h...', 1, 'Unsupported ope...', 'D:\wamp\www\cak...', 1633, Array)
#3 D:\wamp\www\cakephp\pittsburgh_black_business_directory\lib\Cake\Core\App.php(902): App::_checkFatalError()
#4 [internal function]: App::shutdown()
#5 {main}
2014-12-20 09:22:58 Error: Fatal Error (1): Unsupported operand types in [D:\wamp\www\cakephp\pittsburgh_black_business_directory\lib\Cake\View\Helper\FormHelper.php, line 1633]
2014-12-20 09:22:58 Error: [FatalErrorException] Unsupported operand types
Request URL: /cakephp/pittsburgh_black_business_directory/users/claim/433
Stack Trace:
#0 D:\wamp\www\cakephp\pittsburgh_black_business_directory\lib\Cake\Error\ErrorHandler.php(203): ErrorHandler::handleFatalError(1, 'Unsupported ope...', 'D:\wamp\www\cak...', 1633)
#1 [internal function]: ErrorHandler::handleError(1, 'Unsupported ope...', 'D:\wamp\www\cak...', 1633, Array)
#2 D:\wamp\www\cakephp\pittsburgh_black_business_directory\lib\Cake\Core\App.php(929): call_user_func('ErrorHandler::h...', 1, 'Unsupported ope...', 'D:\wamp\www\cak...', 1633, Array)
#3 D:\wamp\www\cakephp\pittsburgh_black_business_directory\lib\Cake\Core\App.php(902): App::_checkFatalError()
#4 [internal function]: App::shutdown()
#5 {main}
2014-12-20 09:23:14 Error: Fatal Error (1): Unsupported operand types in [D:\wamp\www\cakephp\pittsburgh_black_business_directory\lib\Cake\View\Helper\FormHelper.php, line 1633]
2014-12-20 09:23:14 Error: [FatalErrorException] Unsupported operand types
Request URL: /cakephp/pittsburgh_black_business_directory/users/claim/433
Stack Trace:
#0 D:\wamp\www\cakephp\pittsburgh_black_business_directory\lib\Cake\Error\ErrorHandler.php(203): ErrorHandler::handleFatalError(1, 'Unsupported ope...', 'D:\wamp\www\cak...', 1633)
#1 [internal function]: ErrorHandler::handleError(1, 'Unsupported ope...', 'D:\wamp\www\cak...', 1633, Array)
#2 D:\wamp\www\cakephp\pittsburgh_black_business_directory\lib\Cake\Core\App.php(929): call_user_func('ErrorHandler::h...', 1, 'Unsupported ope...', 'D:\wamp\www\cak...', 1633, Array)
#3 D:\wamp\www\cakephp\pittsburgh_black_business_directory\lib\Cake\Core\App.php(902): App::_checkFatalError()
#4 [internal function]: App::shutdown()
#5 {main}
2014-12-20 09:23:34 Error: Fatal Error (4): syntax error, unexpected '->' (T_OBJECT_OPERATOR), expecting ',' or ';' in [D:\wamp\www\cakephp\pittsburgh_black_business_directory\app\View\Users\claim.ctp, line 2]
2014-12-20 09:23:34 Error: [FatalErrorException] syntax error, unexpected '->' (T_OBJECT_OPERATOR), expecting ',' or ';'
Request URL: /cakephp/pittsburgh_black_business_directory/users/claim/433
Stack Trace:
#0 D:\wamp\www\cakephp\pittsburgh_black_business_directory\lib\Cake\Error\ErrorHandler.php(203): ErrorHandler::handleFatalError(4, 'syntax error, u...', 'D:\wamp\www\cak...', 2)
#1 [internal function]: ErrorHandler::handleError(4, 'syntax error, u...', 'D:\wamp\www\cak...', 2, Array)
#2 D:\wamp\www\cakephp\pittsburgh_black_business_directory\lib\Cake\Core\App.php(929): call_user_func('ErrorHandler::h...', 4, 'syntax error, u...', 'D:\wamp\www\cak...', 2, Array)
#3 D:\wamp\www\cakephp\pittsburgh_black_business_directory\lib\Cake\Core\App.php(902): App::_checkFatalError()
#4 [internal function]: App::shutdown()
#5 {main}
2014-12-20 09:23:40 Error: Fatal Error (1): Call to a member function claim() on a non-object in [D:\wamp\www\cakephp\pittsburgh_black_business_directory\app\View\Users\claim.ctp, line 2]
2014-12-20 09:23:40 Error: [FatalErrorException] Call to a member function claim() on a non-object
Request URL: /cakephp/pittsburgh_black_business_directory/users/claim/433
Stack Trace:
#0 D:\wamp\www\cakephp\pittsburgh_black_business_directory\lib\Cake\Error\ErrorHandler.php(203): ErrorHandler::handleFatalError(1, 'Call to a membe...', 'D:\wamp\www\cak...', 2)
#1 [internal function]: ErrorHandler::handleError(1, 'Call to a membe...', 'D:\wamp\www\cak...', 2, Array)
#2 D:\wamp\www\cakephp\pittsburgh_black_business_directory\lib\Cake\Core\App.php(929): call_user_func('ErrorHandler::h...', 1, 'Call to a membe...', 'D:\wamp\www\cak...', 2, Array)
#3 D:\wamp\www\cakephp\pittsburgh_black_business_directory\lib\Cake\Core\App.php(902): App::_checkFatalError()
#4 [internal function]: App::shutdown()
#5 {main}
2014-12-20 09:24:55 Error: Fatal Error (4): syntax error, unexpected ';' in [D:\wamp\www\cakephp\pittsburgh_black_business_directory\app\View\Users\claim.ctp, line 15]
2014-12-20 09:24:55 Error: [FatalErrorException] syntax error, unexpected ';'
Request URL: /cakephp/pittsburgh_black_business_directory/users/claim/433
Stack Trace:
#0 D:\wamp\www\cakephp\pittsburgh_black_business_directory\lib\Cake\Error\ErrorHandler.php(203): ErrorHandler::handleFatalError(4, 'syntax error, u...', 'D:\wamp\www\cak...', 15)
#1 [internal function]: ErrorHandler::handleError(4, 'syntax error, u...', 'D:\wamp\www\cak...', 15, Array)
#2 D:\wamp\www\cakephp\pittsburgh_black_business_directory\lib\Cake\Core\App.php(929): call_user_func('ErrorHandler::h...', 4, 'syntax error, u...', 'D:\wamp\www\cak...', 15, Array)
#3 D:\wamp\www\cakephp\pittsburgh_black_business_directory\lib\Cake\Core\App.php(902): App::_checkFatalError()
#4 [internal function]: App::shutdown()
#5 {main}
2014-12-20 09:25:04 Error: Fatal Error (1): Call to a member function claim() on a non-object in [D:\wamp\www\cakephp\pittsburgh_black_business_directory\app\View\Users\claim.ctp, line 2]
2014-12-20 09:25:04 Error: [FatalErrorException] Call to a member function claim() on a non-object
Request URL: /cakephp/pittsburgh_black_business_directory/users/claim/433
Stack Trace:
#0 D:\wamp\www\cakephp\pittsburgh_black_business_directory\lib\Cake\Error\ErrorHandler.php(203): ErrorHandler::handleFatalError(1, 'Call to a membe...', 'D:\wamp\www\cak...', 2)
#1 [internal function]: ErrorHandler::handleError(1, 'Call to a membe...', 'D:\wamp\www\cak...', 2, Array)
#2 D:\wamp\www\cakephp\pittsburgh_black_business_directory\lib\Cake\Core\App.php(929): call_user_func('ErrorHandler::h...', 1, 'Call to a membe...', 'D:\wamp\www\cak...', 2, Array)
#3 D:\wamp\www\cakephp\pittsburgh_black_business_directory\lib\Cake\Core\App.php(902): App::_checkFatalError()
#4 [internal function]: App::shutdown()
#5 {main}
2014-12-20 09:25:38 Error: Fatal Error (1): Call to a member function claim() on a non-object in [D:\wamp\www\cakephp\pittsburgh_black_business_directory\app\View\Users\claim.ctp, line 2]
2014-12-20 09:25:38 Error: [FatalErrorException] Call to a member function claim() on a non-object
Request URL: /cakephp/pittsburgh_black_business_directory/users/claim/433
Stack Trace:
#0 D:\wamp\www\cakephp\pittsburgh_black_business_directory\lib\Cake\Error\ErrorHandler.php(203): ErrorHandler::handleFatalError(1, 'Call to a membe...', 'D:\wamp\www\cak...', 2)
#1 [internal function]: ErrorHandler::handleError(1, 'Call to a membe...', 'D:\wamp\www\cak...', 2, Array)
#2 D:\wamp\www\cakephp\pittsburgh_black_business_directory\lib\Cake\Core\App.php(929): call_user_func('ErrorHandler::h...', 1, 'Call to a membe...', 'D:\wamp\www\cak...', 2, Array)
#3 D:\wamp\www\cakephp\pittsburgh_black_business_directory\lib\Cake\Core\App.php(902): App::_checkFatalError()
#4 [internal function]: App::shutdown()
#5 {main}
2014-12-20 09:25:43 Error: Fatal Error (1): Call to a member function claim() on a non-object in [D:\wamp\www\cakephp\pittsburgh_black_business_directory\app\View\Users\claim.ctp, line 2]
2014-12-20 09:25:43 Error: [FatalErrorException] Call to a member function claim() on a non-object
Request URL: /cakephp/pittsburgh_black_business_directory/users/claim/433
Stack Trace:
#0 D:\wamp\www\cakephp\pittsburgh_black_business_directory\lib\Cake\Error\ErrorHandler.php(203): ErrorHandler::handleFatalError(1, 'Call to a membe...', 'D:\wamp\www\cak...', 2)
#1 [internal function]: ErrorHandler::handleError(1, 'Call to a membe...', 'D:\wamp\www\cak...', 2, Array)
#2 D:\wamp\www\cakephp\pittsburgh_black_business_directory\lib\Cake\Core\App.php(929): call_user_func('ErrorHandler::h...', 1, 'Call to a membe...', 'D:\wamp\www\cak...', 2, Array)
#3 D:\wamp\www\cakephp\pittsburgh_black_business_directory\lib\Cake\Core\App.php(902): App::_checkFatalError()
#4 [internal function]: App::shutdown()
#5 {main}
2014-12-20 09:25:52 Error: Fatal Error (1): Call to a member function claim() on a non-object in [D:\wamp\www\cakephp\pittsburgh_black_business_directory\app\View\Users\claim.ctp, line 2]
2014-12-20 09:25:52 Error: [FatalErrorException] Call to a member function claim() on a non-object
Request URL: /cakephp/pittsburgh_black_business_directory/users/claim/433
Stack Trace:
#0 D:\wamp\www\cakephp\pittsburgh_black_business_directory\lib\Cake\Error\ErrorHandler.php(203): ErrorHandler::handleFatalError(1, 'Call to a membe...', 'D:\wamp\www\cak...', 2)
#1 [internal function]: ErrorHandler::handleError(1, 'Call to a membe...', 'D:\wamp\www\cak...', 2, Array)
#2 D:\wamp\www\cakephp\pittsburgh_black_business_directory\lib\Cake\Core\App.php(929): call_user_func('ErrorHandler::h...', 1, 'Call to a membe...', 'D:\wamp\www\cak...', 2, Array)
#3 D:\wamp\www\cakephp\pittsburgh_black_business_directory\lib\Cake\Core\App.php(902): App::_checkFatalError()
#4 [internal function]: App::shutdown()
#5 {main}
2014-12-20 09:26:20 Error: Fatal Error (1): Call to undefined method View::params() in [D:\wamp\www\cakephp\pittsburgh_black_business_directory\app\View\Users\claim.ctp, line 2]
2014-12-20 09:26:20 Error: [FatalErrorException] Call to undefined method View::params()
Request URL: /cakephp/pittsburgh_black_business_directory/users/claim/433
Stack Trace:
#0 D:\wamp\www\cakephp\pittsburgh_black_business_directory\lib\Cake\Error\ErrorHandler.php(203): ErrorHandler::handleFatalError(1, 'Call to undefin...', 'D:\wamp\www\cak...', 2)
#1 [internal function]: ErrorHandler::handleError(1, 'Call to undefin...', 'D:\wamp\www\cak...', 2, Array)
#2 D:\wamp\www\cakephp\pittsburgh_black_business_directory\lib\Cake\Core\App.php(929): call_user_func('ErrorHandler::h...', 1, 'Call to undefin...', 'D:\wamp\www\cak...', 2, Array)
#3 D:\wamp\www\cakephp\pittsburgh_black_business_directory\lib\Cake\Core\App.php(902): App::_checkFatalError()
#4 [internal function]: App::shutdown()
#5 {main}
2014-12-20 09:44:07 Error: [MissingViewException] View file "D:\wamp\www\cakephp\pittsburgh_black_business_directory\app\View\Users\home.ctp" is missing.
Exception Attributes: array (
  'file' => 'D:\\wamp\\www\\cakephp\\pittsburgh_black_business_directory\\app\\View\\Users\\home.ctp',
)
Request URL: /cakephp/pittsburgh_black_business_directory/
Stack Trace:
#0 D:\wamp\www\cakephp\pittsburgh_black_business_directory\lib\Cake\View\View.php(463): View->_getViewFileName('home')
#1 D:\wamp\www\cakephp\pittsburgh_black_business_directory\lib\Cake\Controller\Controller.php(952): View->render('home', NULL)
#2 D:\wamp\www\cakephp\pittsburgh_black_business_directory\app\Controller\UsersController.php(322): Controller->render('home')
#3 [internal function]: UsersController->register('home')
#4 D:\wamp\www\cakephp\pittsburgh_black_business_directory\lib\Cake\Controller\Controller.php(490): ReflectionMethod->invokeArgs(Object(UsersController), Array)
#5 D:\wamp\www\cakephp\pittsburgh_black_business_directory\lib\Cake\Routing\Dispatcher.php(185): Controller->invokeAction(Object(CakeRequest))
#6 D:\wamp\www\cakephp\pittsburgh_black_business_directory\lib\Cake\Routing\Dispatcher.php(160): Dispatcher->_invoke(Object(UsersController), Object(CakeRequest), Object(CakeResponse))
#7 D:\wamp\www\cakephp\pittsburgh_black_business_directory\app\webroot\index.php(108): Dispatcher->dispatch(Object(CakeRequest), Object(CakeResponse))
#8 {main}
2014-12-22 05:07:06 Error: [MissingViewException] View file "D:\wamp\www\cakephp\pittsburgh_black_business_directory\app\View\Users\home.ctp" is missing.
Exception Attributes: array (
  'file' => 'D:\\wamp\\www\\cakephp\\pittsburgh_black_business_directory\\app\\View\\Users\\home.ctp',
)
Request URL: /cakephp/pittsburgh_black_business_directory/
Stack Trace:
#0 D:\wamp\www\cakephp\pittsburgh_black_business_directory\lib\Cake\View\View.php(463): View->_getViewFileName('home')
#1 D:\wamp\www\cakephp\pittsburgh_black_business_directory\lib\Cake\Controller\Controller.php(952): View->render('home', NULL)
#2 D:\wamp\www\cakephp\pittsburgh_black_business_directory\app\Controller\UsersController.php(322): Controller->render('home')
#3 [internal function]: UsersController->register('home')
#4 D:\wamp\www\cakephp\pittsburgh_black_business_directory\lib\Cake\Controller\Controller.php(490): ReflectionMethod->invokeArgs(Object(UsersController), Array)
#5 D:\wamp\www\cakephp\pittsburgh_black_business_directory\lib\Cake\Routing\Dispatcher.php(185): Controller->invokeAction(Object(CakeRequest))
#6 D:\wamp\www\cakephp\pittsburgh_black_business_directory\lib\Cake\Routing\Dispatcher.php(160): Dispatcher->_invoke(Object(UsersController), Object(CakeRequest), Object(CakeResponse))
#7 D:\wamp\www\cakephp\pittsburgh_black_business_directory\app\webroot\index.php(108): Dispatcher->dispatch(Object(CakeRequest), Object(CakeResponse))
#8 {main}
2014-12-22 05:19:39 Error: [NotFoundException] Not Found
Request URL: /cakephp/pittsburgh_black_business_directory/users/
Stack Trace:
#0 [internal function]: CmspagesController->view('users')
#1 D:\wamp\www\cakephp\pittsburgh_black_business_directory\lib\Cake\Controller\Controller.php(490): ReflectionMethod->invokeArgs(Object(CmspagesController), Array)
#2 D:\wamp\www\cakephp\pittsburgh_black_business_directory\lib\Cake\Routing\Dispatcher.php(185): Controller->invokeAction(Object(CakeRequest))
#3 D:\wamp\www\cakephp\pittsburgh_black_business_directory\lib\Cake\Routing\Dispatcher.php(160): Dispatcher->_invoke(Object(CmspagesController), Object(CakeRequest), Object(CakeResponse))
#4 D:\wamp\www\cakephp\pittsburgh_black_business_directory\app\webroot\index.php(108): Dispatcher->dispatch(Object(CakeRequest), Object(CakeResponse))
#5 {main}
2014-12-22 05:20:26 Error: [NotFoundException] Invalid business
Request URL: /cakephp/pittsburgh_black_business_directory/users/claim/
Stack Trace:
#0 [internal function]: UsersController->claim()
#1 D:\wamp\www\cakephp\pittsburgh_black_business_directory\lib\Cake\Controller\Controller.php(490): ReflectionMethod->invokeArgs(Object(UsersController), Array)
#2 D:\wamp\www\cakephp\pittsburgh_black_business_directory\lib\Cake\Routing\Dispatcher.php(185): Controller->invokeAction(Object(CakeRequest))
#3 D:\wamp\www\cakephp\pittsburgh_black_business_directory\lib\Cake\Routing\Dispatcher.php(160): Dispatcher->_invoke(Object(UsersController), Object(CakeRequest), Object(CakeResponse))
#4 D:\wamp\www\cakephp\pittsburgh_black_business_directory\app\webroot\index.php(108): Dispatcher->dispatch(Object(CakeRequest), Object(CakeResponse))
#5 {main}
2014-12-22 05:24:21 Error: [BlackholeException] The form session has timed out, please try again.
Request URL: /cakephp/pittsburgh_black_business_directory/users/claim
Stack Trace:
#0 [internal function]: AppController->_blackhole('auth')
#1 D:\wamp\www\cakephp\pittsburgh_black_business_directory\lib\Cake\Controller\Component\SecurityComponent.php(615): call_user_func_array(Array, Array)
#2 D:\wamp\www\cakephp\pittsburgh_black_business_directory\lib\Cake\Controller\Component\SecurityComponent.php(337): SecurityComponent->_callback(Object(UsersController), '_blackhole', Array)
#3 D:\wamp\www\cakephp\pittsburgh_black_business_directory\lib\Cake\Controller\Component\SecurityComponent.php(239): SecurityComponent->blackHole(Object(UsersController), 'auth')
#4 [internal function]: SecurityComponent->startup(Object(UsersController))
#5 D:\wamp\www\cakephp\pittsburgh_black_business_directory\lib\Cake\Utility\ObjectCollection.php(132): call_user_func_array(Array, Array)
#6 [internal function]: ObjectCollection->trigger(Object(CakeEvent))
#7 D:\wamp\www\cakephp\pittsburgh_black_business_directory\lib\Cake\Event\CakeEventManager.php(247): call_user_func(Array, Object(CakeEvent))
#8 D:\wamp\www\cakephp\pittsburgh_black_business_directory\lib\Cake\Controller\Controller.php(675): CakeEventManager->dispatch(Object(CakeEvent))
#9 D:\wamp\www\cakephp\pittsburgh_black_business_directory\lib\Cake\Routing\Dispatcher.php(182): Controller->startupProcess()
#10 D:\wamp\www\cakephp\pittsburgh_black_business_directory\lib\Cake\Routing\Dispatcher.php(160): Dispatcher->_invoke(Object(UsersController), Object(CakeRequest), Object(CakeResponse))
#11 D:\wamp\www\cakephp\pittsburgh_black_business_directory\app\webroot\index.php(108): Dispatcher->dispatch(Object(CakeRequest), Object(CakeResponse))
#12 {main}
2014-12-22 05:24:26 Error: [NotFoundException] Invalid business
Request URL: /cakephp/pittsburgh_black_business_directory/users/claim
Stack Trace:
#0 [internal function]: UsersController->claim()
#1 D:\wamp\www\cakephp\pittsburgh_black_business_directory\lib\Cake\Controller\Controller.php(490): ReflectionMethod->invokeArgs(Object(UsersController), Array)
#2 D:\wamp\www\cakephp\pittsburgh_black_business_directory\lib\Cake\Routing\Dispatcher.php(185): Controller->invokeAction(Object(CakeRequest))
#3 D:\wamp\www\cakephp\pittsburgh_black_business_directory\lib\Cake\Routing\Dispatcher.php(160): Dispatcher->_invoke(Object(UsersController), Object(CakeRequest), Object(CakeResponse))
#4 D:\wamp\www\cakephp\pittsburgh_black_business_directory\app\webroot\index.php(108): Dispatcher->dispatch(Object(CakeRequest), Object(CakeResponse))
#5 {main}
2014-12-22 05:24:30 Error: [NotFoundException] Invalid business
Request URL: /cakephp/pittsburgh_black_business_directory/users/claim
Stack Trace:
#0 [internal function]: UsersController->claim()
#1 D:\wamp\www\cakephp\pittsburgh_black_business_directory\lib\Cake\Controller\Controller.php(490): ReflectionMethod->invokeArgs(Object(UsersController), Array)
#2 D:\wamp\www\cakephp\pittsburgh_black_business_directory\lib\Cake\Routing\Dispatcher.php(185): Controller->invokeAction(Object(CakeRequest))
#3 D:\wamp\www\cakephp\pittsburgh_black_business_directory\lib\Cake\Routing\Dispatcher.php(160): Dispatcher->_invoke(Object(UsersController), Object(CakeRequest), Object(CakeResponse))
#4 D:\wamp\www\cakephp\pittsburgh_black_business_directory\app\webroot\index.php(108): Dispatcher->dispatch(Object(CakeRequest), Object(CakeResponse))
#5 {main}
2014-12-22 05:24:45 Error: [BlackholeException] The form session has timed out, please try again.
Request URL: /cakephp/pittsburgh_black_business_directory/users/claim
Stack Trace:
#0 [internal function]: AppController->_blackhole('auth')
#1 D:\wamp\www\cakephp\pittsburgh_black_business_directory\lib\Cake\Controller\Component\SecurityComponent.php(615): call_user_func_array(Array, Array)
#2 D:\wamp\www\cakephp\pittsburgh_black_business_directory\lib\Cake\Controller\Component\SecurityComponent.php(337): SecurityComponent->_callback(Object(UsersController), '_blackhole', Array)
#3 D:\wamp\www\cakephp\pittsburgh_black_business_directory\lib\Cake\Controller\Component\SecurityComponent.php(239): SecurityComponent->blackHole(Object(UsersController), 'auth')
#4 [internal function]: SecurityComponent->startup(Object(UsersController))
#5 D:\wamp\www\cakephp\pittsburgh_black_business_directory\lib\Cake\Utility\ObjectCollection.php(132): call_user_func_array(Array, Array)
#6 [internal function]: ObjectCollection->trigger(Object(CakeEvent))
#7 D:\wamp\www\cakephp\pittsburgh_black_business_directory\lib\Cake\Event\CakeEventManager.php(247): call_user_func(Array, Object(CakeEvent))
#8 D:\wamp\www\cakephp\pittsburgh_black_business_directory\lib\Cake\Controller\Controller.php(675): CakeEventManager->dispatch(Object(CakeEvent))
#9 D:\wamp\www\cakephp\pittsburgh_black_business_directory\lib\Cake\Routing\Dispatcher.php(182): Controller->startupProcess()
#10 D:\wamp\www\cakephp\pittsburgh_black_business_directory\lib\Cake\Routing\Dispatcher.php(160): Dispatcher->_invoke(Object(UsersController), Object(CakeRequest), Object(CakeResponse))
#11 D:\wamp\www\cakephp\pittsburgh_black_business_directory\app\webroot\index.php(108): Dispatcher->dispatch(Object(CakeRequest), Object(CakeResponse))
#12 {main}
2014-12-22 05:25:37 Error: [BlackholeException] The form session has timed out, please try again.
Request URL: /cakephp/pittsburgh_black_business_directory/users/claim
Stack Trace:
#0 [internal function]: AppController->_blackhole('auth')
#1 D:\wamp\www\cakephp\pittsburgh_black_business_directory\lib\Cake\Controller\Component\SecurityComponent.php(615): call_user_func_array(Array, Array)
#2 D:\wamp\www\cakephp\pittsburgh_black_business_directory\lib\Cake\Controller\Component\SecurityComponent.php(337): SecurityComponent->_callback(Object(UsersController), '_blackhole', Array)
#3 D:\wamp\www\cakephp\pittsburgh_black_business_directory\lib\Cake\Controller\Component\SecurityComponent.php(239): SecurityComponent->blackHole(Object(UsersController), 'auth')
#4 [internal function]: SecurityComponent->startup(Object(UsersController))
#5 D:\wamp\www\cakephp\pittsburgh_black_business_directory\lib\Cake\Utility\ObjectCollection.php(132): call_user_func_array(Array, Array)
#6 [internal function]: ObjectCollection->trigger(Object(CakeEvent))
#7 D:\wamp\www\cakephp\pittsburgh_black_business_directory\lib\Cake\Event\CakeEventManager.php(247): call_user_func(Array, Object(CakeEvent))
#8 D:\wamp\www\cakephp\pittsburgh_black_business_directory\lib\Cake\Controller\Controller.php(675): CakeEventManager->dispatch(Object(CakeEvent))
#9 D:\wamp\www\cakephp\pittsburgh_black_business_directory\lib\Cake\Routing\Dispatcher.php(182): Controller->startupProcess()
#10 D:\wamp\www\cakephp\pittsburgh_black_business_directory\lib\Cake\Routing\Dispatcher.php(160): Dispatcher->_invoke(Object(UsersController), Object(CakeRequest), Object(CakeResponse))
#11 D:\wamp\www\cakephp\pittsburgh_black_business_directory\app\webroot\index.php(108): Dispatcher->dispatch(Object(CakeRequest), Object(CakeResponse))
#12 {main}
2014-12-22 05:27:28 Error: [BlackholeException] The form session has timed out, please try again.
Request URL: /cakephp/pittsburgh_black_business_directory/users/claim/443
Stack Trace:
#0 [internal function]: AppController->_blackhole('auth')
#1 D:\wamp\www\cakephp\pittsburgh_black_business_directory\lib\Cake\Controller\Component\SecurityComponent.php(615): call_user_func_array(Array, Array)
#2 D:\wamp\www\cakephp\pittsburgh_black_business_directory\lib\Cake\Controller\Component\SecurityComponent.php(337): SecurityComponent->_callback(Object(UsersController), '_blackhole', Array)
#3 D:\wamp\www\cakephp\pittsburgh_black_business_directory\lib\Cake\Controller\Component\SecurityComponent.php(239): SecurityComponent->blackHole(Object(UsersController), 'auth')
#4 [internal function]: SecurityComponent->startup(Object(UsersController))
#5 D:\wamp\www\cakephp\pittsburgh_black_business_directory\lib\Cake\Utility\ObjectCollection.php(132): call_user_func_array(Array, Array)
#6 [internal function]: ObjectCollection->trigger(Object(CakeEvent))
#7 D:\wamp\www\cakephp\pittsburgh_black_business_directory\lib\Cake\Event\CakeEventManager.php(247): call_user_func(Array, Object(CakeEvent))
#8 D:\wamp\www\cakephp\pittsburgh_black_business_directory\lib\Cake\Controller\Controller.php(675): CakeEventManager->dispatch(Object(CakeEvent))
#9 D:\wamp\www\cakephp\pittsburgh_black_business_directory\lib\Cake\Routing\Dispatcher.php(182): Controller->startupProcess()
#10 D:\wamp\www\cakephp\pittsburgh_black_business_directory\lib\Cake\Routing\Dispatcher.php(160): Dispatcher->_invoke(Object(UsersController), Object(CakeRequest), Object(CakeResponse))
#11 D:\wamp\www\cakephp\pittsburgh_black_business_directory\app\webroot\index.php(108): Dispatcher->dispatch(Object(CakeRequest), Object(CakeResponse))
#12 {main}
2014-12-22 06:00:30 Error: [BlackholeException] The form session has timed out, please try again.
Request URL: /cakephp/pittsburgh_black_business_directory/users/claim/443
Stack Trace:
#0 [internal function]: AppController->_blackhole('csrf')
#1 D:\wamp\www\cakephp\pittsburgh_black_business_directory\lib\Cake\Controller\Component\SecurityComponent.php(615): call_user_func_array(Array, Array)
#2 D:\wamp\www\cakephp\pittsburgh_black_business_directory\lib\Cake\Controller\Component\SecurityComponent.php(337): SecurityComponent->_callback(Object(UsersController), '_blackhole', Array)
#3 D:\wamp\www\cakephp\pittsburgh_black_business_directory\lib\Cake\Controller\Component\SecurityComponent.php(242): SecurityComponent->blackHole(Object(UsersController), 'csrf')
#4 [internal function]: SecurityComponent->startup(Object(UsersController))
#5 D:\wamp\www\cakephp\pittsburgh_black_business_directory\lib\Cake\Utility\ObjectCollection.php(132): call_user_func_array(Array, Array)
#6 [internal function]: ObjectCollection->trigger(Object(CakeEvent))
#7 D:\wamp\www\cakephp\pittsburgh_black_business_directory\lib\Cake\Event\CakeEventManager.php(247): call_user_func(Array, Object(CakeEvent))
#8 D:\wamp\www\cakephp\pittsburgh_black_business_directory\lib\Cake\Controller\Controller.php(675): CakeEventManager->dispatch(Object(CakeEvent))
#9 D:\wamp\www\cakephp\pittsburgh_black_business_directory\lib\Cake\Routing\Dispatcher.php(182): Controller->startupProcess()
#10 D:\wamp\www\cakephp\pittsburgh_black_business_directory\lib\Cake\Routing\Dispatcher.php(160): Dispatcher->_invoke(Object(UsersController), Object(CakeRequest), Object(CakeResponse))
#11 D:\wamp\www\cakephp\pittsburgh_black_business_directory\app\webroot\index.php(108): Dispatcher->dispatch(Object(CakeRequest), Object(CakeResponse))
#12 {main}
2014-12-22 06:12:08 Error: [BlackholeException] The form session has timed out, please try again.
Request URL: /cakephp/pittsburgh_black_business_directory/users/claim/443
Stack Trace:
#0 [internal function]: AppController->_blackhole('csrf')
#1 D:\wamp\www\cakephp\pittsburgh_black_business_directory\lib\Cake\Controller\Component\SecurityComponent.php(615): call_user_func_array(Array, Array)
#2 D:\wamp\www\cakephp\pittsburgh_black_business_directory\lib\Cake\Controller\Component\SecurityComponent.php(337): SecurityComponent->_callback(Object(UsersController), '_blackhole', Array)
#3 D:\wamp\www\cakephp\pittsburgh_black_business_directory\lib\Cake\Controller\Component\SecurityComponent.php(242): SecurityComponent->blackHole(Object(UsersController), 'csrf')
#4 [internal function]: SecurityComponent->startup(Object(UsersController))
#5 D:\wamp\www\cakephp\pittsburgh_black_business_directory\lib\Cake\Utility\ObjectCollection.php(132): call_user_func_array(Array, Array)
#6 [internal function]: ObjectCollection->trigger(Object(CakeEvent))
#7 D:\wamp\www\cakephp\pittsburgh_black_business_directory\lib\Cake\Event\CakeEventManager.php(247): call_user_func(Array, Object(CakeEvent))
#8 D:\wamp\www\cakephp\pittsburgh_black_business_directory\lib\Cake\Controller\Controller.php(675): CakeEventManager->dispatch(Object(CakeEvent))
#9 D:\wamp\www\cakephp\pittsburgh_black_business_directory\lib\Cake\Routing\Dispatcher.php(182): Controller->startupProcess()
#10 D:\wamp\www\cakephp\pittsburgh_black_business_directory\lib\Cake\Routing\Dispatcher.php(160): Dispatcher->_invoke(Object(UsersController), Object(CakeRequest), Object(CakeResponse))
#11 D:\wamp\www\cakephp\pittsburgh_black_business_directory\app\webroot\index.php(108): Dispatcher->dispatch(Object(CakeRequest), Object(CakeResponse))
#12 {main}
2014-12-22 06:32:37 Error: Fatal Error (4): syntax error, unexpected '{' in [D:\wamp\www\cakephp\pittsburgh_black_business_directory\app\Controller\UsersController.php, line 456]
2014-12-22 06:32:37 Error: [FatalErrorException] syntax error, unexpected '{'
Request URL: /cakephp/pittsburgh_black_business_directory/users/claim/443
Stack Trace:
#0 D:\wamp\www\cakephp\pittsburgh_black_business_directory\lib\Cake\Error\ErrorHandler.php(203): ErrorHandler::handleFatalError(4, 'syntax error, u...', 'D:\wamp\www\cak...', 456)
#1 [internal function]: ErrorHandler::handleError(4, 'syntax error, u...', 'D:\wamp\www\cak...', 456, Array)
#2 D:\wamp\www\cakephp\pittsburgh_black_business_directory\lib\Cake\Core\App.php(929): call_user_func('ErrorHandler::h...', 4, 'syntax error, u...', 'D:\wamp\www\cak...', 456, Array)
#3 D:\wamp\www\cakephp\pittsburgh_black_business_directory\lib\Cake\Core\App.php(902): App::_checkFatalError()
#4 [internal function]: App::shutdown()
#5 {main}
2014-12-22 06:41:38 Error: [MissingViewException] View file "D:\wamp\www\cakephp\pittsburgh_black_business_directory\app\View\Users\home.ctp" is missing.
Exception Attributes: array (
  'file' => 'D:\\wamp\\www\\cakephp\\pittsburgh_black_business_directory\\app\\View\\Users\\home.ctp',
)
Request URL: /cakephp/pittsburgh_black_business_directory/
Stack Trace:
#0 D:\wamp\www\cakephp\pittsburgh_black_business_directory\lib\Cake\View\View.php(463): View->_getViewFileName('home')
#1 D:\wamp\www\cakephp\pittsburgh_black_business_directory\lib\Cake\Controller\Controller.php(952): View->render('home', NULL)
#2 D:\wamp\www\cakephp\pittsburgh_black_business_directory\app\Controller\UsersController.php(322): Controller->render('home')
#3 [internal function]: UsersController->register('home')
#4 D:\wamp\www\cakephp\pittsburgh_black_business_directory\lib\Cake\Controller\Controller.php(490): ReflectionMethod->invokeArgs(Object(UsersController), Array)
#5 D:\wamp\www\cakephp\pittsburgh_black_business_directory\lib\Cake\Routing\Dispatcher.php(185): Controller->invokeAction(Object(CakeRequest))
#6 D:\wamp\www\cakephp\pittsburgh_black_business_directory\lib\Cake\Routing\Dispatcher.php(160): Dispatcher->_invoke(Object(UsersController), Object(CakeRequest), Object(CakeResponse))
#7 D:\wamp\www\cakephp\pittsburgh_black_business_directory\app\webroot\index.php(108): Dispatcher->dispatch(Object(CakeRequest), Object(CakeResponse))
#8 {main}
2014-12-22 06:45:12 Error: [BlackholeException] The form session has timed out, please try again.
Request URL: /cakephp/pittsburgh_black_business_directory/users/claim/443
Stack Trace:
#0 [internal function]: AppController->_blackhole('csrf')
#1 D:\wamp\www\cakephp\pittsburgh_black_business_directory\lib\Cake\Controller\Component\SecurityComponent.php(615): call_user_func_array(Array, Array)
#2 D:\wamp\www\cakephp\pittsburgh_black_business_directory\lib\Cake\Controller\Component\SecurityComponent.php(337): SecurityComponent->_callback(Object(UsersController), '_blackhole', Array)
#3 D:\wamp\www\cakephp\pittsburgh_black_business_directory\lib\Cake\Controller\Component\SecurityComponent.php(242): SecurityComponent->blackHole(Object(UsersController), 'csrf')
#4 [internal function]: SecurityComponent->startup(Object(UsersController))
#5 D:\wamp\www\cakephp\pittsburgh_black_business_directory\lib\Cake\Utility\ObjectCollection.php(132): call_user_func_array(Array, Array)
#6 [internal function]: ObjectCollection->trigger(Object(CakeEvent))
#7 D:\wamp\www\cakephp\pittsburgh_black_business_directory\lib\Cake\Event\CakeEventManager.php(247): call_user_func(Array, Object(CakeEvent))
#8 D:\wamp\www\cakephp\pittsburgh_black_business_directory\lib\Cake\Controller\Controller.php(675): CakeEventManager->dispatch(Object(CakeEvent))
#9 D:\wamp\www\cakephp\pittsburgh_black_business_directory\lib\Cake\Routing\Dispatcher.php(182): Controller->startupProcess()
#10 D:\wamp\www\cakephp\pittsburgh_black_business_directory\lib\Cake\Routing\Dispatcher.php(160): Dispatcher->_invoke(Object(UsersController), Object(CakeRequest), Object(CakeResponse))
#11 D:\wamp\www\cakephp\pittsburgh_black_business_directory\app\webroot\index.php(108): Dispatcher->dispatch(Object(CakeRequest), Object(CakeResponse))
#12 {main}
2014-12-22 06:57:45 Error: [MissingViewException] View file "D:\wamp\www\cakephp\pittsburgh_black_business_directory\app\View\Users\home.ctp" is missing.
Exception Attributes: array (
  'file' => 'D:\\wamp\\www\\cakephp\\pittsburgh_black_business_directory\\app\\View\\Users\\home.ctp',
)
Request URL: /cakephp/pittsburgh_black_business_directory/
Stack Trace:
#0 D:\wamp\www\cakephp\pittsburgh_black_business_directory\lib\Cake\View\View.php(463): View->_getViewFileName('home')
#1 D:\wamp\www\cakephp\pittsburgh_black_business_directory\lib\Cake\Controller\Controller.php(952): View->render('home', NULL)
#2 D:\wamp\www\cakephp\pittsburgh_black_business_directory\app\Controller\UsersController.php(322): Controller->render('home')
#3 [internal function]: UsersController->register('home')
#4 D:\wamp\www\cakephp\pittsburgh_black_business_directory\lib\Cake\Controller\Controller.php(490): ReflectionMethod->invokeArgs(Object(UsersController), Array)
#5 D:\wamp\www\cakephp\pittsburgh_black_business_directory\lib\Cake\Routing\Dispatcher.php(185): Controller->invokeAction(Object(CakeRequest))
#6 D:\wamp\www\cakephp\pittsburgh_black_business_directory\lib\Cake\Routing\Dispatcher.php(160): Dispatcher->_invoke(Object(UsersController), Object(CakeRequest), Object(CakeResponse))
#7 D:\wamp\www\cakephp\pittsburgh_black_business_directory\app\webroot\index.php(108): Dispatcher->dispatch(Object(CakeRequest), Object(CakeResponse))
#8 {main}
2014-12-22 06:58:18 Error: [SocketException] Could not send email.
Request URL: /cakephp/pittsburgh_black_business_directory/
Stack Trace:
#0 D:\wamp\www\cakephp\pittsburgh_black_business_directory\lib\Cake\Network\Email\MailTransport.php(51): MailTransport->_mail('info@pittsburgh...', 'Pittsburgh Blac...', '<!DOCTYPE html ...', 'From: sender@pi...', NULL)
#1 D:\wamp\www\cakephp\pittsburgh_black_business_directory\lib\Cake\Network\Email\CakeEmail.php(1122): MailTransport->send(Object(CakeEmail))
#2 D:\wamp\www\cakephp\pittsburgh_black_business_directory\app\Controller\UsersController.php(291): CakeEmail->send()
#3 [internal function]: UsersController->register('home')
#4 D:\wamp\www\cakephp\pittsburgh_black_business_directory\lib\Cake\Controller\Controller.php(490): ReflectionMethod->invokeArgs(Object(UsersController), Array)
#5 D:\wamp\www\cakephp\pittsburgh_black_business_directory\lib\Cake\Routing\Dispatcher.php(185): Controller->invokeAction(Object(CakeRequest))
#6 D:\wamp\www\cakephp\pittsburgh_black_business_directory\lib\Cake\Routing\Dispatcher.php(160): Dispatcher->_invoke(Object(UsersController), Object(CakeRequest), Object(CakeResponse))
#7 D:\wamp\www\cakephp\pittsburgh_black_business_directory\app\webroot\index.php(108): Dispatcher->dispatch(Object(CakeRequest), Object(CakeResponse))
#8 {main}
2014-12-22 07:00:23 Error: [MissingViewException] View file "D:\wamp\www\cakephp\pittsburgh_black_business_directory\app\View\Users\home.ctp" is missing.
Exception Attributes: array (
  'file' => 'D:\\wamp\\www\\cakephp\\pittsburgh_black_business_directory\\app\\View\\Users\\home.ctp',
)
Request URL: /cakephp/pittsburgh_black_business_directory/
Stack Trace:
#0 D:\wamp\www\cakephp\pittsburgh_black_business_directory\lib\Cake\View\View.php(463): View->_getViewFileName('home')
#1 D:\wamp\www\cakephp\pittsburgh_black_business_directory\lib\Cake\Controller\Controller.php(952): View->render('home', NULL)
#2 D:\wamp\www\cakephp\pittsburgh_black_business_directory\app\Controller\UsersController.php(322): Controller->render('home')
#3 [internal function]: UsersController->register('home')
#4 D:\wamp\www\cakephp\pittsburgh_black_business_directory\lib\Cake\Controller\Controller.php(490): ReflectionMethod->invokeArgs(Object(UsersController), Array)
#5 D:\wamp\www\cakephp\pittsburgh_black_business_directory\lib\Cake\Routing\Dispatcher.php(185): Controller->invokeAction(Object(CakeRequest))
#6 D:\wamp\www\cakephp\pittsburgh_black_business_directory\lib\Cake\Routing\Dispatcher.php(160): Dispatcher->_invoke(Object(UsersController), Object(CakeRequest), Object(CakeResponse))
#7 D:\wamp\www\cakephp\pittsburgh_black_business_directory\app\webroot\index.php(108): Dispatcher->dispatch(Object(CakeRequest), Object(CakeResponse))
#8 {main}
2014-12-22 07:00:48 Error: [MissingViewException] View file "D:\wamp\www\cakephp\pittsburgh_black_business_directory\app\View\Users\home.ctp" is missing.
Exception Attributes: array (
  'file' => 'D:\\wamp\\www\\cakephp\\pittsburgh_black_business_directory\\app\\View\\Users\\home.ctp',
)
Request URL: /cakephp/pittsburgh_black_business_directory/
Stack Trace:
#0 D:\wamp\www\cakephp\pittsburgh_black_business_directory\lib\Cake\View\View.php(463): View->_getViewFileName('home')
#1 D:\wamp\www\cakephp\pittsburgh_black_business_directory\lib\Cake\Controller\Controller.php(952): View->render('home', NULL)
#2 D:\wamp\www\cakephp\pittsburgh_black_business_directory\app\Controller\UsersController.php(322): Controller->render('home')
#3 [internal function]: UsersController->register('home')
#4 D:\wamp\www\cakephp\pittsburgh_black_business_directory\lib\Cake\Controller\Controller.php(490): ReflectionMethod->invokeArgs(Object(UsersController), Array)
#5 D:\wamp\www\cakephp\pittsburgh_black_business_directory\lib\Cake\Routing\Dispatcher.php(185): Controller->invokeAction(Object(CakeRequest))
#6 D:\wamp\www\cakephp\pittsburgh_black_business_directory\lib\Cake\Routing\Dispatcher.php(160): Dispatcher->_invoke(Object(UsersController), Object(CakeRequest), Object(CakeResponse))
#7 D:\wamp\www\cakephp\pittsburgh_black_business_directory\app\webroot\index.php(108): Dispatcher->dispatch(Object(CakeRequest), Object(CakeResponse))
#8 {main}
2014-12-22 07:10:35 Error: [MissingViewException] View file "D:\wamp\www\cakephp\pittsburgh_black_business_directory\app\View\Users\home.ctp" is missing.
Exception Attributes: array (
  'file' => 'D:\\wamp\\www\\cakephp\\pittsburgh_black_business_directory\\app\\View\\Users\\home.ctp',
)
Request URL: /cakephp/pittsburgh_black_business_directory/
Stack Trace:
#0 D:\wamp\www\cakephp\pittsburgh_black_business_directory\lib\Cake\View\View.php(463): View->_getViewFileName('home')
#1 D:\wamp\www\cakephp\pittsburgh_black_business_directory\lib\Cake\Controller\Controller.php(952): View->render('home', NULL)
#2 D:\wamp\www\cakephp\pittsburgh_black_business_directory\app\Controller\UsersController.php(322): Controller->render('home')
#3 [internal function]: UsersController->register('home')
#4 D:\wamp\www\cakephp\pittsburgh_black_business_directory\lib\Cake\Controller\Controller.php(490): ReflectionMethod->invokeArgs(Object(UsersController), Array)
#5 D:\wamp\www\cakephp\pittsburgh_black_business_directory\lib\Cake\Routing\Dispatcher.php(185): Controller->invokeAction(Object(CakeRequest))
#6 D:\wamp\www\cakephp\pittsburgh_black_business_directory\lib\Cake\Routing\Dispatcher.php(160): Dispatcher->_invoke(Object(UsersController), Object(CakeRequest), Object(CakeResponse))
#7 D:\wamp\www\cakephp\pittsburgh_black_business_directory\app\webroot\index.php(108): Dispatcher->dispatch(Object(CakeRequest), Object(CakeResponse))
#8 {main}
2014-12-22 07:16:36 Error: [NotFoundException] Not Found
Request URL: /cakephp/pittsburgh_black_business_directory/pay
Stack Trace:
#0 [internal function]: CmspagesController->view('pay')
#1 D:\wamp\www\cakephp\pittsburgh_black_business_directory\lib\Cake\Controller\Controller.php(490): ReflectionMethod->invokeArgs(Object(CmspagesController), Array)
#2 D:\wamp\www\cakephp\pittsburgh_black_business_directory\lib\Cake\Routing\Dispatcher.php(185): Controller->invokeAction(Object(CakeRequest))
#3 D:\wamp\www\cakephp\pittsburgh_black_business_directory\lib\Cake\Routing\Dispatcher.php(160): Dispatcher->_invoke(Object(CmspagesController), Object(CakeRequest), Object(CakeResponse))
#4 D:\wamp\www\cakephp\pittsburgh_black_business_directory\app\webroot\index.php(108): Dispatcher->dispatch(Object(CakeRequest), Object(CakeResponse))
#5 {main}
2014-12-22 07:18:01 Error: Fatal Error (4): syntax error, unexpected '=>' (T_DOUBLE_ARROW) in [D:\wamp\www\cakephp\pittsburgh_black_business_directory\app\Controller\UsersController.php, line 467]
2014-12-22 07:18:01 Error: [FatalErrorException] syntax error, unexpected '=>' (T_DOUBLE_ARROW)
Request URL: /cakephp/pittsburgh_black_business_directory/users/claim/443
Stack Trace:
#0 D:\wamp\www\cakephp\pittsburgh_black_business_directory\lib\Cake\Error\ErrorHandler.php(203): ErrorHandler::handleFatalError(4, 'syntax error, u...', 'D:\wamp\www\cak...', 467)
#1 [internal function]: ErrorHandler::handleError(4, 'syntax error, u...', 'D:\wamp\www\cak...', 467, Array)
#2 D:\wamp\www\cakephp\pittsburgh_black_business_directory\lib\Cake\Core\App.php(929): call_user_func('ErrorHandler::h...', 4, 'syntax error, u...', 'D:\wamp\www\cak...', 467, Array)
#3 D:\wamp\www\cakephp\pittsburgh_black_business_directory\lib\Cake\Core\App.php(902): App::_checkFatalError()
#4 [internal function]: App::shutdown()
#5 {main}
2014-12-22 07:20:30 Error: [MissingActionException] Action UsersController::users() could not be found.
Exception Attributes: array (
  'controller' => 'UsersController',
  'action' => 'users',
)
Request URL: /cakephp/pittsburgh_black_business_directory/users/users/pay
Stack Trace:
#0 D:\wamp\www\cakephp\pittsburgh_black_business_directory\lib\Cake\Routing\Dispatcher.php(185): Controller->invokeAction(Object(CakeRequest))
#1 D:\wamp\www\cakephp\pittsburgh_black_business_directory\lib\Cake\Routing\Dispatcher.php(160): Dispatcher->_invoke(Object(UsersController), Object(CakeRequest), Object(CakeResponse))
#2 D:\wamp\www\cakephp\pittsburgh_black_business_directory\app\webroot\index.php(108): Dispatcher->dispatch(Object(CakeRequest), Object(CakeResponse))
#3 {main}
2014-12-22 08:44:15 Error: [MissingViewException] View file "D:\wamp\www\cakephp\pittsburgh_black_business_directory\app\View\Users\home.ctp" is missing.
Exception Attributes: array (
  'file' => 'D:\\wamp\\www\\cakephp\\pittsburgh_black_business_directory\\app\\View\\Users\\home.ctp',
)
Request URL: /cakephp/pittsburgh_black_business_directory/
Stack Trace:
#0 D:\wamp\www\cakephp\pittsburgh_black_business_directory\lib\Cake\View\View.php(463): View->_getViewFileName('home')
#1 D:\wamp\www\cakephp\pittsburgh_black_business_directory\lib\Cake\Controller\Controller.php(952): View->render('home', NULL)
#2 D:\wamp\www\cakephp\pittsburgh_black_business_directory\app\Controller\UsersController.php(322): Controller->render('home')
#3 [internal function]: UsersController->register('home')
#4 D:\wamp\www\cakephp\pittsburgh_black_business_directory\lib\Cake\Controller\Controller.php(490): ReflectionMethod->invokeArgs(Object(UsersController), Array)
#5 D:\wamp\www\cakephp\pittsburgh_black_business_directory\lib\Cake\Routing\Dispatcher.php(185): Controller->invokeAction(Object(CakeRequest))
#6 D:\wamp\www\cakephp\pittsburgh_black_business_directory\lib\Cake\Routing\Dispatcher.php(160): Dispatcher->_invoke(Object(UsersController), Object(CakeRequest), Object(CakeResponse))
#7 D:\wamp\www\cakephp\pittsburgh_black_business_directory\app\webroot\index.php(108): Dispatcher->dispatch(Object(CakeRequest), Object(CakeResponse))
#8 {main}
2014-12-22 08:44:54 Error: [MissingViewException] View file "D:\wamp\www\cakephp\pittsburgh_black_business_directory\app\View\Users\home.ctp" is missing.
Exception Attributes: array (
  'file' => 'D:\\wamp\\www\\cakephp\\pittsburgh_black_business_directory\\app\\View\\Users\\home.ctp',
)
Request URL: /cakephp/pittsburgh_black_business_directory/
Stack Trace:
#0 D:\wamp\www\cakephp\pittsburgh_black_business_directory\lib\Cake\View\View.php(463): View->_getViewFileName('home')
#1 D:\wamp\www\cakephp\pittsburgh_black_business_directory\lib\Cake\Controller\Controller.php(952): View->render('home', NULL)
#2 D:\wamp\www\cakephp\pittsburgh_black_business_directory\app\Controller\UsersController.php(322): Controller->render('home')
#3 [internal function]: UsersController->register('home')
#4 D:\wamp\www\cakephp\pittsburgh_black_business_directory\lib\Cake\Controller\Controller.php(490): ReflectionMethod->invokeArgs(Object(UsersController), Array)
#5 D:\wamp\www\cakephp\pittsburgh_black_business_directory\lib\Cake\Routing\Dispatcher.php(185): Controller->invokeAction(Object(CakeRequest))
#6 D:\wamp\www\cakephp\pittsburgh_black_business_directory\lib\Cake\Routing\Dispatcher.php(160): Dispatcher->_invoke(Object(UsersController), Object(CakeRequest), Object(CakeResponse))
#7 D:\wamp\www\cakephp\pittsburgh_black_business_directory\app\webroot\index.php(108): Dispatcher->dispatch(Object(CakeRequest), Object(CakeResponse))
#8 {main}
2014-12-22 08:45:21 Error: [MissingViewException] View file "D:\wamp\www\cakephp\pittsburgh_black_business_directory\app\View\Users\home.ctp" is missing.
Exception Attributes: array (
  'file' => 'D:\\wamp\\www\\cakephp\\pittsburgh_black_business_directory\\app\\View\\Users\\home.ctp',
)
Request URL: /cakephp/pittsburgh_black_business_directory/
Stack Trace:
#0 D:\wamp\www\cakephp\pittsburgh_black_business_directory\lib\Cake\View\View.php(463): View->_getViewFileName('home')
#1 D:\wamp\www\cakephp\pittsburgh_black_business_directory\lib\Cake\Controller\Controller.php(952): View->render('home', NULL)
#2 D:\wamp\www\cakephp\pittsburgh_black_business_directory\app\Controller\UsersController.php(322): Controller->render('home')
#3 [internal function]: UsersController->register('home')
#4 D:\wamp\www\cakephp\pittsburgh_black_business_directory\lib\Cake\Controller\Controller.php(490): ReflectionMethod->invokeArgs(Object(UsersController), Array)
#5 D:\wamp\www\cakephp\pittsburgh_black_business_directory\lib\Cake\Routing\Dispatcher.php(185): Controller->invokeAction(Object(CakeRequest))
#6 D:\wamp\www\cakephp\pittsburgh_black_business_directory\lib\Cake\Routing\Dispatcher.php(160): Dispatcher->_invoke(Object(UsersController), Object(CakeRequest), Object(CakeResponse))
#7 D:\wamp\www\cakephp\pittsburgh_black_business_directory\app\webroot\index.php(108): Dispatcher->dispatch(Object(CakeRequest), Object(CakeResponse))
#8 {main}
2014-12-22 09:05:34 Error: [SocketException] Could not send email.
Request URL: /cakephp/pittsburgh_black_business_directory/admin/users/edit/26
Stack Trace:
#0 D:\wamp\www\cakephp\pittsburgh_black_business_directory\lib\Cake\Network\Email\MailTransport.php(51): MailTransport->_mail('test@test.com', 'Pittsburgh Blac...', '<!DOCTYPE html ...', 'From: sender@pi...', NULL)
#1 D:\wamp\www\cakephp\pittsburgh_black_business_directory\lib\Cake\Network\Email\CakeEmail.php(1122): MailTransport->send(Object(CakeEmail))
#2 D:\wamp\www\cakephp\pittsburgh_black_business_directory\app\Controller\UsersController.php(153): CakeEmail->send()
#3 [internal function]: UsersController->admin_edit('26')
#4 D:\wamp\www\cakephp\pittsburgh_black_business_directory\lib\Cake\Controller\Controller.php(490): ReflectionMethod->invokeArgs(Object(UsersController), Array)
#5 D:\wamp\www\cakephp\pittsburgh_black_business_directory\lib\Cake\Routing\Dispatcher.php(185): Controller->invokeAction(Object(CakeRequest))
#6 D:\wamp\www\cakephp\pittsburgh_black_business_directory\lib\Cake\Routing\Dispatcher.php(160): Dispatcher->_invoke(Object(UsersController), Object(CakeRequest), Object(CakeResponse))
#7 D:\wamp\www\cakephp\pittsburgh_black_business_directory\app\webroot\index.php(108): Dispatcher->dispatch(Object(CakeRequest), Object(CakeResponse))
#8 {main}
2014-12-22 09:19:10 Error: [MissingViewException] View file "D:\wamp\www\cakephp\pittsburgh_black_business_directory\app\View\Users\home.ctp" is missing.
Exception Attributes: array (
  'file' => 'D:\\wamp\\www\\cakephp\\pittsburgh_black_business_directory\\app\\View\\Users\\home.ctp',
)
Request URL: /cakephp/pittsburgh_black_business_directory/
Stack Trace:
#0 D:\wamp\www\cakephp\pittsburgh_black_business_directory\lib\Cake\View\View.php(463): View->_getViewFileName('home')
#1 D:\wamp\www\cakephp\pittsburgh_black_business_directory\lib\Cake\Controller\Controller.php(952): View->render('home', NULL)
#2 D:\wamp\www\cakephp\pittsburgh_black_business_directory\app\Controller\UsersController.php(339): Controller->render('home')
#3 [internal function]: UsersController->register('home')
#4 D:\wamp\www\cakephp\pittsburgh_black_business_directory\lib\Cake\Controller\Controller.php(490): ReflectionMethod->invokeArgs(Object(UsersController), Array)
#5 D:\wamp\www\cakephp\pittsburgh_black_business_directory\lib\Cake\Routing\Dispatcher.php(185): Controller->invokeAction(Object(CakeRequest))
#6 D:\wamp\www\cakephp\pittsburgh_black_business_directory\lib\Cake\Routing\Dispatcher.php(160): Dispatcher->_invoke(Object(UsersController), Object(CakeRequest), Object(CakeResponse))
#7 D:\wamp\www\cakephp\pittsburgh_black_business_directory\app\webroot\index.php(108): Dispatcher->dispatch(Object(CakeRequest), Object(CakeResponse))
#8 {main}
2015-06-30 17:45:24 Error: [MissingTableException] Table bs_states for model State was not found in datasource default.
Exception Attributes: array (
  'table' => 'bs_states',
  'class' => 'State',
  'ds' => 'default',
)
Request URL: /cakephp/pittsburgh_black_business_directory/
Stack Trace:
#0 D:\wamp\www\cakephp\pittsburgh_black_business_directory\lib\Cake\Model\Model.php(3498): Model->setSource('states')
#1 D:\wamp\www\cakephp\pittsburgh_black_business_directory\lib\Cake\Model\Model.php(2902): Model->getDataSource()
#2 D:\wamp\www\cakephp\pittsburgh_black_business_directory\lib\Cake\Model\Model.php(2874): Model->_readDataSource('list', Array)
#3 D:\wamp\www\cakephp\pittsburgh_black_business_directory\app\Controller\UsersController.php(280): Model->find('list', Array)
#4 [internal function]: UsersController->register('home')
#5 D:\wamp\www\cakephp\pittsburgh_black_business_directory\lib\Cake\Controller\Controller.php(490): ReflectionMethod->invokeArgs(Object(UsersController), Array)
#6 D:\wamp\www\cakephp\pittsburgh_black_business_directory\lib\Cake\Routing\Dispatcher.php(185): Controller->invokeAction(Object(CakeRequest))
#7 D:\wamp\www\cakephp\pittsburgh_black_business_directory\lib\Cake\Routing\Dispatcher.php(160): Dispatcher->_invoke(Object(UsersController), Object(CakeRequest), Object(CakeResponse))
#8 D:\wamp\www\cakephp\pittsburgh_black_business_directory\app\webroot\index.php(108): Dispatcher->dispatch(Object(CakeRequest), Object(CakeResponse))
#9 {main}
2015-06-30 17:45:34 Error: [MissingTableException] Table bs_users for model User was not found in datasource default.
Exception Attributes: array (
  'table' => 'bs_users',
  'class' => 'User',
  'ds' => 'default',
)
Request URL: /cakephp/pittsburgh_black_business_directory/admin/
Stack Trace:
#0 D:\wamp\www\cakephp\pittsburgh_black_business_directory\lib\Cake\Model\Model.php(3498): Model->setSource('users')
#1 D:\wamp\www\cakephp\pittsburgh_black_business_directory\lib\Cake\Model\Model.php(1355): Model->getDataSource()
#2 D:\wamp\www\cakephp\pittsburgh_black_business_directory\lib\Cake\View\Helper\FormHelper.php(207): Model->schema()
#3 D:\wamp\www\cakephp\pittsburgh_black_business_directory\lib\Cake\View\Helper\FormHelper.php(459): FormHelper->_introspectModel('User', 'fields')
#4 D:\wamp\www\cakephp\pittsburgh_black_business_directory\app\View\Users\admin_login.ctp(20): FormHelper->create('User', Array)
#5 D:\wamp\www\cakephp\pittsburgh_black_business_directory\lib\Cake\View\View.php(935): include('D:\wamp\www\cak...')
#6 D:\wamp\www\cakephp\pittsburgh_black_business_directory\lib\Cake\View\View.php(897): View->_evaluate('D:\wamp\www\cak...', Array)
#7 D:\wamp\www\cakephp\pittsburgh_black_business_directory\lib\Cake\View\View.php(466): View->_render('D:\wamp\www\cak...')
#8 D:\wamp\www\cakephp\pittsburgh_black_business_directory\lib\Cake\Controller\Controller.php(952): View->render(NULL, NULL)
#9 D:\wamp\www\cakephp\pittsburgh_black_business_directory\lib\Cake\Routing\Dispatcher.php(192): Controller->render()
#10 D:\wamp\www\cakephp\pittsburgh_black_business_directory\lib\Cake\Routing\Dispatcher.php(160): Dispatcher->_invoke(Object(UsersController), Object(CakeRequest), Object(CakeResponse))
#11 D:\wamp\www\cakephp\pittsburgh_black_business_directory\app\webroot\index.php(108): Dispatcher->dispatch(Object(CakeRequest), Object(CakeResponse))
#12 {main}
2015-06-30 18:01:25 Error: [MissingTableException] Table bs_groups for model Group was not found in datasource default.
Exception Attributes: array (
  'table' => 'bs_groups',
  'class' => 'Group',
  'ds' => 'default',
)
Request URL: /cakephp/pittsburgh_black_business_directory/admin/
Stack Trace:
#0 D:\wamp\www\cakephp\pittsburgh_black_business_directory\lib\Cake\Model\Model.php(3498): Model->setSource('groups')
#1 D:\wamp\www\cakephp\pittsburgh_black_business_directory\lib\Cake\Model\Datasource\DboSource.php(1063): Model->getDataSource()
#2 D:\wamp\www\cakephp\pittsburgh_black_business_directory\lib\Cake\Model\Model.php(2902): DboSource->read(Object(User), Array)
#3 D:\wamp\www\cakephp\pittsburgh_black_business_directory\lib\Cake\Model\Model.php(2874): Model->_readDataSource('first', Array)
#4 D:\wamp\www\cakephp\pittsburgh_black_business_directory\lib\Cake\Controller\Component\Auth\BaseAuthenticate.php(112): Model->find('first', Array)
#5 D:\wamp\www\cakephp\pittsburgh_black_business_directory\lib\Cake\Controller\Component\Auth\FormAuthenticate.php(81): BaseAuthenticate->_findUser('admin', 'admin123')
#6 D:\wamp\www\cakephp\pittsburgh_black_business_directory\lib\Cake\Controller\Component\AuthComponent.php(752): FormAuthenticate->authenticate(Object(CakeRequest), Object(CakeResponse))
#7 D:\wamp\www\cakephp\pittsburgh_black_business_directory\lib\Cake\Controller\Component\AuthComponent.php(599): AuthComponent->identify(Object(CakeRequest), Object(CakeResponse))
#8 D:\wamp\www\cakephp\pittsburgh_black_business_directory\app\Controller\UsersController.php(198): AuthComponent->login()
#9 [internal function]: UsersController->admin_login()
#10 D:\wamp\www\cakephp\pittsburgh_black_business_directory\lib\Cake\Controller\Controller.php(490): ReflectionMethod->invokeArgs(Object(UsersController), Array)
#11 D:\wamp\www\cakephp\pittsburgh_black_business_directory\lib\Cake\Routing\Dispatcher.php(185): Controller->invokeAction(Object(CakeRequest))
#12 D:\wamp\www\cakephp\pittsburgh_black_business_directory\lib\Cake\Routing\Dispatcher.php(160): Dispatcher->_invoke(Object(UsersController), Object(CakeRequest), Object(CakeResponse))
#13 D:\wamp\www\cakephp\pittsburgh_black_business_directory\app\webroot\index.php(108): Dispatcher->dispatch(Object(CakeRequest), Object(CakeResponse))
#14 {main}
2015-06-30 18:01:30 Error: [BlackholeException] The form session has timed out, please try again.
Request URL: /cakephp/pittsburgh_black_business_directory/admin/
Stack Trace:
#0 [internal function]: AppController->_blackhole('csrf')
#1 D:\wamp\www\cakephp\pittsburgh_black_business_directory\lib\Cake\Controller\Component\SecurityComponent.php(615): call_user_func_array(Array, Array)
#2 D:\wamp\www\cakephp\pittsburgh_black_business_directory\lib\Cake\Controller\Component\SecurityComponent.php(337): SecurityComponent->_callback(Object(UsersController), '_blackhole', Array)
#3 D:\wamp\www\cakephp\pittsburgh_black_business_directory\lib\Cake\Controller\Component\SecurityComponent.php(242): SecurityComponent->blackHole(Object(UsersController), 'csrf')
#4 [internal function]: SecurityComponent->startup(Object(UsersController))
#5 D:\wamp\www\cakephp\pittsburgh_black_business_directory\lib\Cake\Utility\ObjectCollection.php(132): call_user_func_array(Array, Array)
#6 [internal function]: ObjectCollection->trigger(Object(CakeEvent))
#7 D:\wamp\www\cakephp\pittsburgh_black_business_directory\lib\Cake\Event\CakeEventManager.php(247): call_user_func(Array, Object(CakeEvent))
#8 D:\wamp\www\cakephp\pittsburgh_black_business_directory\lib\Cake\Controller\Controller.php(675): CakeEventManager->dispatch(Object(CakeEvent))
#9 D:\wamp\www\cakephp\pittsburgh_black_business_directory\lib\Cake\Routing\Dispatcher.php(182): Controller->startupProcess()
#10 D:\wamp\www\cakephp\pittsburgh_black_business_directory\lib\Cake\Routing\Dispatcher.php(160): Dispatcher->_invoke(Object(UsersController), Object(CakeRequest), Object(CakeResponse))
#11 D:\wamp\www\cakephp\pittsburgh_black_business_directory\app\webroot\index.php(108): Dispatcher->dispatch(Object(CakeRequest), Object(CakeResponse))
#12 {main}
2015-06-30 18:04:11 Error: [BlackholeException] The form session has timed out, please try again.
Request URL: /cakephp/pittsburgh_black_business_directory/admin/
Stack Trace:
#0 [internal function]: AppController->_blackhole('csrf')
#1 D:\wamp\www\cakephp\pittsburgh_black_business_directory\lib\Cake\Controller\Component\SecurityComponent.php(615): call_user_func_array(Array, Array)
#2 D:\wamp\www\cakephp\pittsburgh_black_business_directory\lib\Cake\Controller\Component\SecurityComponent.php(337): SecurityComponent->_callback(Object(UsersController), '_blackhole', Array)
#3 D:\wamp\www\cakephp\pittsburgh_black_business_directory\lib\Cake\Controller\Component\SecurityComponent.php(242): SecurityComponent->blackHole(Object(UsersController), 'csrf')
#4 [internal function]: SecurityComponent->startup(Object(UsersController))
#5 D:\wamp\www\cakephp\pittsburgh_black_business_directory\lib\Cake\Utility\ObjectCollection.php(132): call_user_func_array(Array, Array)
#6 [internal function]: ObjectCollection->trigger(Object(CakeEvent))
#7 D:\wamp\www\cakephp\pittsburgh_black_business_directory\lib\Cake\Event\CakeEventManager.php(247): call_user_func(Array, Object(CakeEvent))
#8 D:\wamp\www\cakephp\pittsburgh_black_business_directory\lib\Cake\Controller\Controller.php(675): CakeEventManager->dispatch(Object(CakeEvent))
#9 D:\wamp\www\cakephp\pittsburgh_black_business_directory\lib\Cake\Routing\Dispatcher.php(182): Controller->startupProcess()
#10 D:\wamp\www\cakephp\pittsburgh_black_business_directory\lib\Cake\Routing\Dispatcher.php(160): Dispatcher->_invoke(Object(UsersController), Object(CakeRequest), Object(CakeResponse))
#11 D:\wamp\www\cakephp\pittsburgh_black_business_directory\app\webroot\index.php(108): Dispatcher->dispatch(Object(CakeRequest), Object(CakeResponse))
#12 {main}
2015-06-30 18:05:40 Error: [MissingViewException] View file "D:\wamp\www\cakephp\pittsburgh_black_business_directory\app\View\Reviews\admin_add.ctp" is missing.
Exception Attributes: array (
  'file' => 'D:\\wamp\\www\\cakephp\\pittsburgh_black_business_directory\\app\\View\\Reviews\\admin_add.ctp',
)
Request URL: /cakephp/pittsburgh_black_business_directory/admin/reviews/add
Stack Trace:
#0 D:\wamp\www\cakephp\pittsburgh_black_business_directory\lib\Cake\View\View.php(463): View->_getViewFileName(NULL)
#1 D:\wamp\www\cakephp\pittsburgh_black_business_directory\lib\Cake\Controller\Controller.php(952): View->render(NULL, NULL)
#2 D:\wamp\www\cakephp\pittsburgh_black_business_directory\lib\Cake\Routing\Dispatcher.php(192): Controller->render()
#3 D:\wamp\www\cakephp\pittsburgh_black_business_directory\lib\Cake\Routing\Dispatcher.php(160): Dispatcher->_invoke(Object(ReviewsController), Object(CakeRequest), Object(CakeResponse))
#4 D:\wamp\www\cakephp\pittsburgh_black_business_directory\app\webroot\index.php(108): Dispatcher->dispatch(Object(CakeRequest), Object(CakeResponse))
#5 {main}
2015-12-24 19:16:50 Error: [MissingViewException] View file "E:\wamp\www\cakephp\pittsburgh_black_business_directory\app\View\Users\home.ctp" is missing.
Exception Attributes: array (
  'file' => 'E:\\wamp\\www\\cakephp\\pittsburgh_black_business_directory\\app\\View\\Users\\home.ctp',
)
Request URL: /cakephp/pittsburgh_black_business_directory/
Stack Trace:
#0 E:\wamp\www\cakephp\pittsburgh_black_business_directory\lib\Cake\View\View.php(463): View->_getViewFileName('home')
#1 E:\wamp\www\cakephp\pittsburgh_black_business_directory\lib\Cake\Controller\Controller.php(952): View->render('home', NULL)
#2 E:\wamp\www\cakephp\pittsburgh_black_business_directory\app\Controller\UsersController.php(339): Controller->render('home')
#3 [internal function]: UsersController->register('home')
#4 E:\wamp\www\cakephp\pittsburgh_black_business_directory\lib\Cake\Controller\Controller.php(490): ReflectionMethod->invokeArgs(Object(UsersController), Array)
#5 E:\wamp\www\cakephp\pittsburgh_black_business_directory\lib\Cake\Routing\Dispatcher.php(185): Controller->invokeAction(Object(CakeRequest))
#6 E:\wamp\www\cakephp\pittsburgh_black_business_directory\lib\Cake\Routing\Dispatcher.php(160): Dispatcher->_invoke(Object(UsersController), Object(CakeRequest), Object(CakeResponse))
#7 E:\wamp\www\cakephp\pittsburgh_black_business_directory\app\webroot\index.php(108): Dispatcher->dispatch(Object(CakeRequest), Object(CakeResponse))
#8 {main}
2015-12-24 19:17:03 Error: [NotFoundException] Not Found
Request URL: /cakephp/pittsburgh_black_business_directory/category/
Stack Trace:
#0 [internal function]: CmspagesController->view('category')
#1 E:\wamp\www\cakephp\pittsburgh_black_business_directory\lib\Cake\Controller\Controller.php(490): ReflectionMethod->invokeArgs(Object(CmspagesController), Array)
#2 E:\wamp\www\cakephp\pittsburgh_black_business_directory\lib\Cake\Routing\Dispatcher.php(185): Controller->invokeAction(Object(CakeRequest))
#3 E:\wamp\www\cakephp\pittsburgh_black_business_directory\lib\Cake\Routing\Dispatcher.php(160): Dispatcher->_invoke(Object(CmspagesController), Object(CakeRequest), Object(CakeResponse))
#4 E:\wamp\www\cakephp\pittsburgh_black_business_directory\app\webroot\index.php(108): Dispatcher->dispatch(Object(CakeRequest), Object(CakeResponse))
#5 {main}
2015-12-24 19:25:42 Error: [NotFoundException] Not Found
Request URL: /cakephp/pittsburgh_black_business_directory/category/
Stack Trace:
#0 [internal function]: CmspagesController->view('category')
#1 E:\wamp\www\cakephp\pittsburgh_black_business_directory\lib\Cake\Controller\Controller.php(490): ReflectionMethod->invokeArgs(Object(CmspagesController), Array)
#2 E:\wamp\www\cakephp\pittsburgh_black_business_directory\lib\Cake\Routing\Dispatcher.php(185): Controller->invokeAction(Object(CakeRequest))
#3 E:\wamp\www\cakephp\pittsburgh_black_business_directory\lib\Cake\Routing\Dispatcher.php(160): Dispatcher->_invoke(Object(CmspagesController), Object(CakeRequest), Object(CakeResponse))
#4 E:\wamp\www\cakephp\pittsburgh_black_business_directory\app\webroot\index.php(108): Dispatcher->dispatch(Object(CakeRequest), Object(CakeResponse))
#5 {main}
